0 verbose cli /opt/homebrew/Cellar/node/23.10.0_1/bin/node /opt/homebrew/bin/npm
1 info using npm@10.9.2
2 info using node@v23.10.0
3 silly config load:file:/opt/homebrew/lib/node_modules/npm/npmrc
4 silly config load:file:/Users/haoqi/Desktop/Haoqi/25Fall/lite-ai-detect/frontend/.npmrc
5 silly config load:file:/Users/haoqi/.npmrc
6 silly config load:file:/opt/homebrew/etc/npmrc
7 verbose title npm install @vitejs/plugin-react
8 verbose argv "install" "--save-dev" "@vitejs/plugin-react"
9 verbose logfile logs-max:10 dir:/Users/haoqi/Desktop/Haoqi/25Fall/lite-ai-detect/frontend/.npm-cache/_logs/2025-10-30T03_51_22_245Z-
10 verbose logfile /Users/haoqi/Desktop/Haoqi/25Fall/lite-ai-detect/frontend/.npm-cache/_logs/2025-10-30T03_51_22_245Z-debug-0.log
11 silly logfile done cleaning log files
12 silly packumentCache heap:4345298944 maxSize:1086324736 maxEntrySize:543162368
13 silly idealTree buildDeps
14 silly fetch manifest @vitejs/plugin-react@*
15 silly packumentCache full:https://registry.npmjs.org/@vitejs%2fplugin-react cache-miss
16 http fetch GET 200 https://registry.npmjs.org/@vitejs%2fplugin-react 181ms (cache miss)
17 silly packumentCache full:https://registry.npmjs.org/@vitejs%2fplugin-react set size:undefined disposed:false
18 silly fetch manifest vite@^5.4.8
19 silly packumentCache full:https://registry.npmjs.org/vite cache-miss
20 http cache https://registry.npmjs.org/vite 36ms (cache hit)
21 silly packumentCache full:https://registry.npmjs.org/vite set size:38591175 disposed:false
22 silly fetch manifest @types/node@^18.0.0 || >=20.0.0
23 silly packumentCache full:https://registry.npmjs.org/@types%2fnode cache-miss
24 http cache https://registry.npmjs.org/@types%2fnode 11ms (cache hit)
25 silly packumentCache full:https://registry.npmjs.org/@types%2fnode set size:10675696 disposed:false
26 silly fetch manifest less@*
27 silly packumentCache full:https://registry.npmjs.org/less cache-miss
28 http cache https://registry.npmjs.org/less 2ms (cache hit)
29 silly packumentCache full:https://registry.npmjs.org/less set size:425893 disposed:false
30 silly fetch manifest lightningcss@^1.21.0
31 silly packumentCache full:https://registry.npmjs.org/lightningcss cache-miss
32 http cache https://registry.npmjs.org/lightningcss 2ms (cache hit)
33 silly packumentCache full:https://registry.npmjs.org/lightningcss set size:173815 disposed:false
34 silly fetch manifest sass@*
35 silly packumentCache full:https://registry.npmjs.org/sass cache-miss
36 http cache https://registry.npmjs.org/sass 2ms (cache hit)
37 silly packumentCache full:https://registry.npmjs.org/sass set size:697197 disposed:false
38 silly fetch manifest sass-embedded@*
39 silly packumentCache full:https://registry.npmjs.org/sass-embedded cache-miss
40 http cache https://registry.npmjs.org/sass-embedded 1ms (cache hit)
41 silly packumentCache full:https://registry.npmjs.org/sass-embedded set size:379146 disposed:false
42 silly fetch manifest stylus@*
43 silly packumentCache full:https://registry.npmjs.org/stylus cache-miss
44 http cache https://registry.npmjs.org/stylus 1ms (cache hit)
45 silly packumentCache full:https://registry.npmjs.org/stylus set size:286766 disposed:false
46 silly fetch manifest sugarss@*
47 silly packumentCache full:https://registry.npmjs.org/sugarss cache-miss
48 http cache https://registry.npmjs.org/sugarss 2ms (cache hit)
49 silly packumentCache full:https://registry.npmjs.org/sugarss set size:44975 disposed:false
50 silly fetch manifest postcss@^8.3.3
51 silly packumentCache full:https://registry.npmjs.org/postcss cache-miss
52 http cache https://registry.npmjs.org/postcss 1ms (cache hit)
53 silly packumentCache full:https://registry.npmjs.org/postcss set size:696248 disposed:false
54 silly fetch manifest terser@^5.4.0
55 silly packumentCache full:https://registry.npmjs.org/terser cache-miss
56 http cache https://registry.npmjs.org/terser 1ms (cache hit)
57 silly packumentCache full:https://registry.npmjs.org/terser set size:776798 disposed:false
58 silly placeDep ROOT @vitejs/plugin-react@5.1.0 OK for: lite-ai-detect-frontend@0.0.1 want: *
59 silly fetch manifest @babel/core@^7.28.4
60 silly packumentCache full:https://registry.npmjs.org/@babel%2fcore cache-miss
61 silly fetch manifest @babel/plugin-transform-react-jsx-self@^7.27.1
62 silly packumentCache full:https://registry.npmjs.org/@babel%2fplugin-transform-react-jsx-self cache-miss
63 silly fetch manifest @babel/plugin-transform-react-jsx-source@^7.27.1
64 silly packumentCache full:https://registry.npmjs.org/@babel%2fplugin-transform-react-jsx-source cache-miss
65 silly fetch manifest @rolldown/pluginutils@1.0.0-beta.43
66 silly packumentCache full:https://registry.npmjs.org/@rolldown%2fpluginutils cache-miss
67 silly fetch manifest @types/babel__core@^7.20.5
68 silly packumentCache full:https://registry.npmjs.org/@types%2fbabel__core cache-miss
69 silly fetch manifest react-refresh@^0.18.0
70 silly packumentCache full:https://registry.npmjs.org/react-refresh cache-miss
71 http fetch GET 200 https://registry.npmjs.org/@babel%2fcore 92ms (cache miss)
72 silly packumentCache full:https://registry.npmjs.org/@babel%2fcore set size:undefined disposed:false
73 http fetch GET 200 https://registry.npmjs.org/@babel%2fplugin-transform-react-jsx-source 114ms (cache miss)
74 silly packumentCache full:https://registry.npmjs.org/@babel%2fplugin-transform-react-jsx-source set size:undefined disposed:false
75 http fetch GET 200 https://registry.npmjs.org/@babel%2fplugin-transform-react-jsx-self 132ms (cache miss)
76 silly packumentCache full:https://registry.npmjs.org/@babel%2fplugin-transform-react-jsx-self set size:undefined disposed:false
77 http fetch GET 200 https://registry.npmjs.org/@types%2fbabel__core 133ms (cache miss)
78 silly packumentCache full:https://registry.npmjs.org/@types%2fbabel__core set size:undefined disposed:false
79 http fetch GET 200 https://registry.npmjs.org/@rolldown%2fpluginutils 155ms (cache miss)
80 silly packumentCache full:https://registry.npmjs.org/@rolldown%2fpluginutils set size:undefined disposed:false
81 http fetch GET 200 https://registry.npmjs.org/react-refresh 337ms (cache miss)
82 silly packumentCache full:https://registry.npmjs.org/react-refresh set size:undefined disposed:false
83 silly placeDep ROOT @babel/core@7.28.5 OK for: @vitejs/plugin-react@5.1.0 want: ^7.28.4
84 silly placeDep ROOT @babel/plugin-transform-react-jsx-self@7.27.1 OK for: @vitejs/plugin-react@5.1.0 want: ^7.27.1
85 silly placeDep ROOT @babel/plugin-transform-react-jsx-source@7.27.1 OK for: @vitejs/plugin-react@5.1.0 want: ^7.27.1
86 silly placeDep ROOT @rolldown/pluginutils@1.0.0-beta.43 OK for: @vitejs/plugin-react@5.1.0 want: 1.0.0-beta.43
87 silly placeDep ROOT @types/babel__core@7.20.5 OK for: @vitejs/plugin-react@5.1.0 want: ^7.20.5
88 silly placeDep ROOT react-refresh@0.18.0 OK for: @vitejs/plugin-react@5.1.0 want: ^0.18.0
89 silly fetch manifest @babel/code-frame@^7.27.1
90 silly packumentCache full:https://registry.npmjs.org/@babel%2fcode-frame cache-miss
91 silly fetch manifest @babel/generator@^7.28.5
92 silly packumentCache full:https://registry.npmjs.org/@babel%2fgenerator cache-miss
93 silly fetch manifest @babel/helper-compilation-targets@^7.27.2
94 silly packumentCache full:https://registry.npmjs.org/@babel%2fhelper-compilation-targets cache-miss
95 silly fetch manifest @babel/helper-module-transforms@^7.28.3
96 silly packumentCache full:https://registry.npmjs.org/@babel%2fhelper-module-transforms cache-miss
97 silly fetch manifest @babel/helpers@^7.28.4
98 silly packumentCache full:https://registry.npmjs.org/@babel%2fhelpers cache-miss
99 silly fetch manifest @babel/parser@^7.28.5
100 silly packumentCache full:https://registry.npmjs.org/@babel%2fparser cache-miss
101 silly fetch manifest @babel/template@^7.27.2
102 silly packumentCache full:https://registry.npmjs.org/@babel%2ftemplate cache-miss
103 silly fetch manifest @babel/traverse@^7.28.5
104 silly packumentCache full:https://registry.npmjs.org/@babel%2ftraverse cache-miss
105 silly fetch manifest @babel/types@^7.28.5
106 silly packumentCache full:https://registry.npmjs.org/@babel%2ftypes cache-miss
107 silly fetch manifest @jridgewell/remapping@^2.3.5
108 silly packumentCache full:https://registry.npmjs.org/@jridgewell%2fremapping cache-miss
109 silly fetch manifest convert-source-map@^2.0.0
110 silly packumentCache full:https://registry.npmjs.org/convert-source-map cache-miss
111 silly fetch manifest gensync@^1.0.0-beta.2
112 silly packumentCache full:https://registry.npmjs.org/gensync cache-miss
113 silly fetch manifest json5@^2.2.3
114 silly packumentCache full:https://registry.npmjs.org/json5 cache-miss
115 silly fetch manifest semver@^6.3.1
116 silly packumentCache full:https://registry.npmjs.org/semver cache-miss
117 silly fetch manifest @babel/helper-plugin-utils@^7.27.1
118 silly packumentCache full:https://registry.npmjs.org/@babel%2fhelper-plugin-utils cache-miss
119 http cache https://registry.npmjs.org/semver 10ms (cache hit)
120 silly packumentCache full:https://registry.npmjs.org/semver set size:226907 disposed:false
121 silly fetch manifest @babel/helper-plugin-utils@^7.27.1
122 silly packumentCache full:https://registry.npmjs.org/@babel%2fhelper-plugin-utils cache-miss
123 http fetch GET 200 https://registry.npmjs.org/@babel%2fgenerator 73ms (cache miss)
124 silly packumentCache full:https://registry.npmjs.org/@babel%2fgenerator set size:undefined disposed:false
125 silly fetch manifest @babel/types@^7.20.7
126 silly packumentCache full:https://registry.npmjs.org/@babel%2ftypes cache-miss
127 http fetch GET 200 https://registry.npmjs.org/@babel%2fparser 74ms (cache miss)
128 silly packumentCache full:https://registry.npmjs.org/@babel%2fparser set size:undefined disposed:false
129 silly fetch manifest @babel/parser@^7.20.7
130 silly packumentCache full:https://registry.npmjs.org/@babel%2fparser cache-miss
131 http fetch GET 200 https://registry.npmjs.org/@babel%2fhelper-compilation-targets 78ms (cache miss)
132 silly packumentCache full:https://registry.npmjs.org/@babel%2fhelper-compilation-targets set size:undefined disposed:false
133 silly fetch manifest @types/babel__template@*
134 silly packumentCache full:https://registry.npmjs.org/@types%2fbabel__template cache-miss
135 http cache https://registry.npmjs.org/@babel%2fparser 3ms (cache hit)
136 silly packumentCache full:https://registry.npmjs.org/@babel%2fparser set size:702781 disposed:false
137 silly fetch manifest @types/babel__traverse@*
138 silly packumentCache full:https://registry.npmjs.org/@types%2fbabel__traverse cache-miss
139 http fetch GET 200 https://registry.npmjs.org/@babel%2fcode-frame 84ms (cache miss)
140 silly packumentCache full:https://registry.npmjs.org/@babel%2fcode-frame set size:undefined disposed:false
141 silly fetch manifest @types/babel__generator@*
142 silly packumentCache full:https://registry.npmjs.org/@types%2fbabel__generator cache-miss
143 http fetch GET 200 https://registry.npmjs.org/convert-source-map 90ms (cache miss)
144 silly packumentCache full:https://registry.npmjs.org/convert-source-map set size:undefined disposed:false
145 http fetch GET 200 https://registry.npmjs.org/@babel%2fhelper-plugin-utils 106ms (cache miss)
146 silly packumentCache full:https://registry.npmjs.org/@babel%2fhelper-plugin-utils set size:undefined disposed:false
147 http fetch GET 200 https://registry.npmjs.org/gensync 116ms (cache miss)
148 silly packumentCache full:https://registry.npmjs.org/gensync set size:undefined disposed:false
149 http fetch GET 200 https://registry.npmjs.org/@babel%2fhelper-plugin-utils 105ms (cache miss)
150 silly packumentCache full:https://registry.npmjs.org/@babel%2fhelper-plugin-utils set size:undefined disposed:false
151 http fetch GET 200 https://registry.npmjs.org/@jridgewell%2fremapping 121ms (cache miss)
152 silly packumentCache full:https://registry.npmjs.org/@jridgewell%2fremapping set size:undefined disposed:false
153 http fetch GET 200 https://registry.npmjs.org/@babel%2ftypes 123ms (cache miss)
154 silly packumentCache full:https://registry.npmjs.org/@babel%2ftypes set size:undefined disposed:false
155 http fetch GET 200 https://registry.npmjs.org/@babel%2ftypes 58ms (cache miss)
156 silly packumentCache full:https://registry.npmjs.org/@babel%2ftypes set size:undefined disposed:false
157 http fetch GET 200 https://registry.npmjs.org/json5 134ms (cache miss)
158 silly packumentCache full:https://registry.npmjs.org/json5 set size:undefined disposed:false
159 http fetch GET 200 https://registry.npmjs.org/@types%2fbabel__template 68ms (cache miss)
160 silly packumentCache full:https://registry.npmjs.org/@types%2fbabel__template set size:undefined disposed:false
161 http fetch GET 200 https://registry.npmjs.org/@types%2fbabel__traverse 66ms (cache miss)
162 silly packumentCache full:https://registry.npmjs.org/@types%2fbabel__traverse set size:undefined disposed:false
163 http fetch GET 200 https://registry.npmjs.org/@babel%2ftraverse 155ms (cache miss)
164 silly packumentCache full:https://registry.npmjs.org/@babel%2ftraverse set size:undefined disposed:false
165 http fetch GET 200 https://registry.npmjs.org/@babel%2ftemplate 176ms (cache miss)
166 silly packumentCache full:https://registry.npmjs.org/@babel%2ftemplate set size:undefined disposed:false
167 http fetch GET 200 https://registry.npmjs.org/@babel%2fhelpers 198ms (cache miss)
168 silly packumentCache full:https://registry.npmjs.org/@babel%2fhelpers set size:undefined disposed:false
169 http fetch GET 200 https://registry.npmjs.org/@babel%2fhelper-module-transforms 203ms (cache miss)
170 silly packumentCache full:https://registry.npmjs.org/@babel%2fhelper-module-transforms set size:undefined disposed:false
171 http fetch GET 200 https://registry.npmjs.org/@types%2fbabel__generator 125ms (cache miss)
172 silly packumentCache full:https://registry.npmjs.org/@types%2fbabel__generator set size:undefined disposed:false
173 silly fetch manifest @babel/core@^7.0.0
174 silly packumentCache full:https://registry.npmjs.org/@babel%2fcore cache-miss
175 http cache https://registry.npmjs.org/@babel%2fcore 2ms (cache hit)
176 silly packumentCache full:https://registry.npmjs.org/@babel%2fcore set size:738278 disposed:false
177 silly placeDep ROOT @babel/code-frame@7.27.1 OK for: @babel/core@7.28.5 want: ^7.27.1
178 silly placeDep ROOT @babel/generator@7.28.5 OK for: @babel/core@7.28.5 want: ^7.28.5
179 silly placeDep ROOT @babel/helper-compilation-targets@7.27.2 OK for: @babel/core@7.28.5 want: ^7.27.2
180 silly placeDep ROOT @babel/helper-module-transforms@7.28.3 OK for: @babel/core@7.28.5 want: ^7.28.3
181 silly placeDep ROOT @babel/helpers@7.28.4 OK for: @babel/core@7.28.5 want: ^7.28.4
182 silly placeDep ROOT @babel/parser@7.28.5 OK for: @babel/core@7.28.5 want: ^7.28.5
183 silly placeDep ROOT @babel/template@7.27.2 OK for: @babel/core@7.28.5 want: ^7.27.2
184 silly placeDep ROOT @babel/traverse@7.28.5 OK for: @babel/core@7.28.5 want: ^7.28.5
185 silly placeDep ROOT @babel/types@7.28.5 OK for: @babel/core@7.28.5 want: ^7.28.5
186 silly placeDep ROOT @jridgewell/remapping@2.3.5 OK for: @babel/core@7.28.5 want: ^2.3.5
187 silly placeDep ROOT convert-source-map@2.0.0 OK for: @babel/core@7.28.5 want: ^2.0.0
188 silly placeDep ROOT gensync@1.0.0-beta.2 OK for: @babel/core@7.28.5 want: ^1.0.0-beta.2
189 silly placeDep ROOT json5@2.2.3 OK for: @babel/core@7.28.5 want: ^2.2.3
190 silly placeDep node_modules/@babel/core semver@6.3.1 OK for: @babel/core@7.28.5 want: ^6.3.1
191 silly fetch manifest @babel/helper-validator-identifier@^7.27.1
192 silly packumentCache full:https://registry.npmjs.org/@babel%2fhelper-validator-identifier cache-miss
193 silly fetch manifest @jridgewell/gen-mapping@^0.3.12
194 silly packumentCache full:https://registry.npmjs.org/@jridgewell%2fgen-mapping cache-miss
195 silly fetch manifest @jridgewell/trace-mapping@^0.3.28
196 silly packumentCache full:https://registry.npmjs.org/@jridgewell%2ftrace-mapping cache-miss
197 silly fetch manifest jsesc@^3.0.2
198 silly packumentCache full:https://registry.npmjs.org/jsesc cache-miss
199 silly fetch manifest lru-cache@^5.1.1
200 silly packumentCache full:https://registry.npmjs.org/lru-cache cache-miss
201 silly fetch manifest browserslist@^4.24.0
202 silly packumentCache full:https://registry.npmjs.org/browserslist cache-miss
203 silly fetch manifest @babel/compat-data@^7.27.2
204 silly packumentCache full:https://registry.npmjs.org/@babel%2fcompat-data cache-miss
205 silly fetch manifest @babel/helper-validator-option@^7.27.1
206 silly packumentCache full:https://registry.npmjs.org/@babel%2fhelper-validator-option cache-miss
207 silly fetch manifest @babel/traverse@^7.28.3
208 silly packumentCache full:https://registry.npmjs.org/@babel%2ftraverse cache-miss
209 silly fetch manifest @babel/helper-module-imports@^7.27.1
210 silly packumentCache full:https://registry.npmjs.org/@babel%2fhelper-module-imports cache-miss
211 silly fetch manifest @babel/helper-validator-identifier@^7.27.1
212 silly packumentCache full:https://registry.npmjs.org/@babel%2fhelper-validator-identifier cache-miss
213 silly fetch manifest @babel/types@^7.28.4
214 silly packumentCache full:https://registry.npmjs.org/@babel%2ftypes cache-miss
215 silly fetch manifest @babel/types@^7.27.1
216 silly packumentCache full:https://registry.npmjs.org/@babel%2ftypes cache-miss
217 silly fetch manifest @babel/helper-globals@^7.28.0
218 silly packumentCache full:https://registry.npmjs.org/@babel%2fhelper-globals cache-miss
219 silly fetch manifest @babel/helper-string-parser@^7.27.1
220 silly packumentCache full:https://registry.npmjs.org/@babel%2fhelper-string-parser cache-miss
221 http cache https://registry.npmjs.org/@babel%2ftypes 5ms (cache hit)
222 silly packumentCache full:https://registry.npmjs.org/@babel%2ftypes set size:475698 disposed:false
223 silly fetch manifest @babel/helper-validator-identifier@^7.28.5
224 silly packumentCache full:https://registry.npmjs.org/@babel%2fhelper-validator-identifier cache-miss
225 http cache https://registry.npmjs.org/@babel%2ftypes 9ms (cache hit)
226 silly packumentCache full:https://registry.npmjs.org/@babel%2ftypes set size:475698 disposed:false
227 silly packumentCache full:https://registry.npmjs.org/@babel%2ftypes dispose
228 silly fetch manifest @jridgewell/gen-mapping@^0.3.5
229 silly packumentCache full:https://registry.npmjs.org/@jridgewell%2fgen-mapping cache-miss
230 http cache https://registry.npmjs.org/@babel%2ftraverse 10ms (cache hit)
231 silly packumentCache full:https://registry.npmjs.org/@babel%2ftraverse set size:535703 disposed:false
232 silly fetch manifest @jridgewell/trace-mapping@^0.3.24
233 silly packumentCache full:https://registry.npmjs.org/@jridgewell%2ftrace-mapping cache-miss
234 http fetch GET 200 https://registry.npmjs.org/jsesc 48ms (cache miss)
235 silly packumentCache full:https://registry.npmjs.org/jsesc set size:undefined disposed:false
236 http fetch GET 200 https://registry.npmjs.org/@babel%2fhelper-module-imports 59ms (cache miss)
237 silly packumentCache full:https://registry.npmjs.org/@babel%2fhelper-module-imports set size:undefined disposed:false
238 http fetch GET 200 https://registry.npmjs.org/browserslist 60ms (cache miss)
239 silly packumentCache full:https://registry.npmjs.org/browserslist set size:undefined disposed:false
240 http fetch GET 200 https://registry.npmjs.org/@babel%2fhelper-validator-option 62ms (cache miss)
241 silly packumentCache full:https://registry.npmjs.org/@babel%2fhelper-validator-option set size:undefined disposed:false
242 http fetch GET 200 https://registry.npmjs.org/@babel%2fhelper-globals 64ms (cache miss)
243 silly packumentCache full:https://registry.npmjs.org/@babel%2fhelper-globals set size:undefined disposed:false
244 http fetch GET 200 https://registry.npmjs.org/@jridgewell%2ftrace-mapping 67ms (cache miss)
245 silly packumentCache full:https://registry.npmjs.org/@jridgewell%2ftrace-mapping set size:undefined disposed:false
246 http fetch GET 200 https://registry.npmjs.org/@babel%2fcompat-data 80ms (cache miss)
247 silly packumentCache full:https://registry.npmjs.org/@babel%2fcompat-data set size:undefined disposed:false
248 http fetch GET 200 https://registry.npmjs.org/@jridgewell%2fgen-mapping 81ms (cache miss)
249 silly packumentCache full:https://registry.npmjs.org/@jridgewell%2fgen-mapping set size:undefined disposed:false
250 http fetch GET 200 https://registry.npmjs.org/@babel%2fhelper-validator-identifier 82ms (cache miss)
251 silly packumentCache full:https://registry.npmjs.org/@babel%2fhelper-validator-identifier set size:undefined disposed:false
252 http fetch GET 200 https://registry.npmjs.org/@babel%2fhelper-validator-identifier 89ms (cache miss)
253 silly packumentCache full:https://registry.npmjs.org/@babel%2fhelper-validator-identifier set size:undefined disposed:false
254 http fetch GET 200 https://registry.npmjs.org/lru-cache 90ms (cache miss)
255 silly packumentCache full:https://registry.npmjs.org/lru-cache set size:undefined disposed:false
256 http fetch GET 200 https://registry.npmjs.org/@babel%2fhelper-validator-identifier 83ms (cache miss)
257 silly packumentCache full:https://registry.npmjs.org/@babel%2fhelper-validator-identifier set size:undefined disposed:false
258 http fetch GET 200 https://registry.npmjs.org/@babel%2fhelper-string-parser 107ms (cache miss)
259 silly packumentCache full:https://registry.npmjs.org/@babel%2fhelper-string-parser set size:undefined disposed:false
260 http fetch GET 200 https://registry.npmjs.org/@jridgewell%2ftrace-mapping 109ms (cache miss)
261 silly packumentCache full:https://registry.npmjs.org/@jridgewell%2ftrace-mapping set size:undefined disposed:false
262 http fetch GET 200 https://registry.npmjs.org/@jridgewell%2fgen-mapping 115ms (cache miss)
263 silly packumentCache full:https://registry.npmjs.org/@jridgewell%2fgen-mapping set size:undefined disposed:false
264 silly placeDep ROOT @babel/helper-validator-identifier@7.28.5 OK for: @babel/code-frame@7.27.1 want: ^7.27.1
265 silly placeDep ROOT @jridgewell/gen-mapping@0.3.13 OK for: @babel/generator@7.28.5 want: ^0.3.12
266 silly placeDep ROOT @jridgewell/trace-mapping@0.3.31 OK for: @babel/generator@7.28.5 want: ^0.3.28
267 silly placeDep ROOT jsesc@3.1.0 OK for: @babel/generator@7.28.5 want: ^3.0.2
268 silly fetch manifest @jridgewell/sourcemap-codec@^1.5.0
269 silly packumentCache full:https://registry.npmjs.org/@jridgewell%2fsourcemap-codec cache-miss
270 silly fetch manifest @jridgewell/resolve-uri@^3.1.0
271 silly packumentCache full:https://registry.npmjs.org/@jridgewell%2fresolve-uri cache-miss
272 silly fetch manifest @jridgewell/sourcemap-codec@^1.4.14
273 silly packumentCache full:https://registry.npmjs.org/@jridgewell%2fsourcemap-codec cache-miss
274 http fetch GET 200 https://registry.npmjs.org/@jridgewell%2fsourcemap-codec 72ms (cache miss)
275 silly packumentCache full:https://registry.npmjs.org/@jridgewell%2fsourcemap-codec set size:undefined disposed:false
276 http fetch GET 200 https://registry.npmjs.org/@jridgewell%2fsourcemap-codec 79ms (cache miss)
277 silly packumentCache full:https://registry.npmjs.org/@jridgewell%2fsourcemap-codec set size:undefined disposed:false
278 http fetch GET 200 https://registry.npmjs.org/@jridgewell%2fresolve-uri 103ms (cache miss)
279 silly packumentCache full:https://registry.npmjs.org/@jridgewell%2fresolve-uri set size:undefined disposed:false
280 silly placeDep ROOT @babel/compat-data@7.28.5 OK for: @babel/helper-compilation-targets@7.27.2 want: ^7.27.2
281 silly placeDep ROOT @babel/helper-validator-option@7.27.1 OK for: @babel/helper-compilation-targets@7.27.2 want: ^7.27.1
282 silly placeDep ROOT browserslist@4.27.0 OK for: @babel/helper-compilation-targets@7.27.2 want: ^4.24.0
283 silly placeDep ROOT lru-cache@5.1.1 OK for: @babel/helper-compilation-targets@7.27.2 want: ^5.1.1
284 silly placeDep node_modules/@babel/helper-compilation-targets semver@6.3.1 OK for: @babel/helper-compilation-targets@7.27.2 want: ^6.3.1
285 silly fetch manifest baseline-browser-mapping@^2.8.19
286 silly packumentCache full:https://registry.npmjs.org/baseline-browser-mapping cache-miss
287 silly fetch manifest caniuse-lite@^1.0.30001751
288 silly packumentCache full:https://registry.npmjs.org/caniuse-lite cache-miss
289 silly fetch manifest electron-to-chromium@^1.5.238
290 silly packumentCache full:https://registry.npmjs.org/electron-to-chromium cache-miss
291 silly fetch manifest node-releases@^2.0.26
292 silly packumentCache full:https://registry.npmjs.org/node-releases cache-miss
293 silly fetch manifest update-browserslist-db@^1.1.4
294 silly packumentCache full:https://registry.npmjs.org/update-browserslist-db cache-miss
295 silly fetch manifest yallist@^3.0.2
296 silly packumentCache full:https://registry.npmjs.org/yallist cache-miss
297 http fetch GET 200 https://registry.npmjs.org/node-releases 52ms (cache miss)
298 silly packumentCache full:https://registry.npmjs.org/node-releases set size:undefined disposed:false
299 http fetch GET 200 https://registry.npmjs.org/update-browserslist-db 54ms (cache miss)
300 silly packumentCache full:https://registry.npmjs.org/update-browserslist-db set size:undefined disposed:false
301 http fetch GET 200 https://registry.npmjs.org/baseline-browser-mapping 62ms (cache miss)
302 silly packumentCache full:https://registry.npmjs.org/baseline-browser-mapping set size:undefined disposed:false
303 http fetch GET 200 https://registry.npmjs.org/yallist 63ms (cache miss)
304 silly packumentCache full:https://registry.npmjs.org/yallist set size:undefined disposed:false
305 http fetch GET 200 https://registry.npmjs.org/caniuse-lite 85ms (cache miss)
306 silly packumentCache full:https://registry.npmjs.org/caniuse-lite set size:undefined disposed:false
307 http fetch GET 200 https://registry.npmjs.org/electron-to-chromium 175ms (cache miss)
308 silly packumentCache full:https://registry.npmjs.org/electron-to-chromium set size:undefined disposed:false
309 silly placeDep ROOT @babel/helper-module-imports@7.27.1 OK for: @babel/helper-module-transforms@7.28.3 want: ^7.27.1
310 silly placeDep ROOT @babel/helper-plugin-utils@7.27.1 OK for: @babel/plugin-transform-react-jsx-self@7.27.1 want: ^7.27.1
311 silly placeDep ROOT @babel/helper-globals@7.28.0 OK for: @babel/traverse@7.28.5 want: ^7.28.0
312 silly placeDep ROOT @babel/helper-string-parser@7.27.1 OK for: @babel/types@7.28.5 want: ^7.27.1
313 silly placeDep ROOT @jridgewell/sourcemap-codec@1.5.5 OK for: @jridgewell/gen-mapping@0.3.13 want: ^1.5.0
314 silly placeDep ROOT @jridgewell/resolve-uri@3.1.2 OK for: @jridgewell/trace-mapping@0.3.31 want: ^3.1.0
315 silly placeDep ROOT @types/babel__generator@7.27.0 OK for: @types/babel__core@7.20.5 want: *
316 silly placeDep ROOT @types/babel__template@7.4.4 OK for: @types/babel__core@7.20.5 want: *
317 silly placeDep ROOT @types/babel__traverse@7.28.0 OK for: @types/babel__core@7.20.5 want: *
318 silly fetch manifest browserslist@>= 4.21.0
319 silly packumentCache full:https://registry.npmjs.org/browserslist cache-miss
320 http cache https://registry.npmjs.org/browserslist 2ms (cache hit)
321 silly packumentCache full:https://registry.npmjs.org/browserslist set size:498935 disposed:false
322 silly placeDep ROOT baseline-browser-mapping@2.8.21 OK for: browserslist@4.27.0 want: ^2.8.19
323 silly placeDep ROOT caniuse-lite@1.0.30001751 OK for: browserslist@4.27.0 want: ^1.0.30001751
324 silly placeDep ROOT electron-to-chromium@1.5.243 OK for: browserslist@4.27.0 want: ^1.5.238
325 silly placeDep ROOT node-releases@2.0.27 OK for: browserslist@4.27.0 want: ^2.0.26
326 silly placeDep ROOT update-browserslist-db@1.1.4 OK for: browserslist@4.27.0 want: ^1.1.4
327 silly placeDep ROOT yallist@3.1.1 OK for: lru-cache@5.1.1 want: ^3.0.2
328 silly reify moves {}
329 silly audit bulk request {
329 silly audit   '@esbuild/aix-ppc64': [ '0.21.5' ],
329 silly audit   '@esbuild/android-arm': [ '0.21.5' ],
329 silly audit   '@esbuild/android-arm64': [ '0.21.5' ],
329 silly audit   '@esbuild/android-x64': [ '0.21.5' ],
329 silly audit   '@esbuild/darwin-arm64': [ '0.21.5' ],
329 silly audit   '@esbuild/darwin-x64': [ '0.21.5' ],
329 silly audit   '@esbuild/freebsd-arm64': [ '0.21.5' ],
329 silly audit   '@esbuild/freebsd-x64': [ '0.21.5' ],
329 silly audit   '@esbuild/linux-arm': [ '0.21.5' ],
329 silly audit   '@esbuild/linux-arm64': [ '0.21.5' ],
329 silly audit   '@esbuild/linux-ia32': [ '0.21.5' ],
329 silly audit   '@esbuild/linux-loong64': [ '0.21.5' ],
329 silly audit   '@esbuild/linux-mips64el': [ '0.21.5' ],
329 silly audit   '@esbuild/linux-ppc64': [ '0.21.5' ],
329 silly audit   '@esbuild/linux-riscv64': [ '0.21.5' ],
329 silly audit   '@esbuild/linux-s390x': [ '0.21.5' ],
329 silly audit   '@esbuild/linux-x64': [ '0.21.5' ],
329 silly audit   '@esbuild/netbsd-x64': [ '0.21.5' ],
329 silly audit   '@esbuild/openbsd-x64': [ '0.21.5' ],
329 silly audit   '@esbuild/sunos-x64': [ '0.21.5' ],
329 silly audit   '@esbuild/win32-arm64': [ '0.21.5' ],
329 silly audit   '@esbuild/win32-ia32': [ '0.21.5' ],
329 silly audit   '@esbuild/win32-x64': [ '0.21.5' ],
329 silly audit   '@eslint-community/eslint-utils': [ '4.9.0' ],
329 silly audit   '@eslint-community/regexpp': [ '4.12.2' ],
329 silly audit   '@eslint/config-array': [ '0.21.1' ],
329 silly audit   'brace-expansion': [ '1.1.12', '2.0.2' ],
329 silly audit   minimatch: [ '3.1.2', '9.0.5' ],
329 silly audit   '@eslint/config-helpers': [ '0.4.2' ],
329 silly audit   '@eslint/core': [ '0.17.0', '0.16.0' ],
329 silly audit   '@eslint/eslintrc': [ '3.3.1' ],
329 silly audit   ignore: [ '5.3.2', '7.0.5' ],
329 silly audit   '@eslint/js': [ '9.38.0' ],
329 silly audit   '@eslint/object-schema': [ '2.1.7' ],
329 silly audit   '@eslint/plugin-kit': [ '0.4.1' ],
329 silly audit   '@firebase/analytics': [ '0.10.8' ],
329 silly audit   '@firebase/analytics-compat': [ '0.2.14' ],
329 silly audit   '@firebase/analytics-types': [ '0.8.2' ],
329 silly audit   '@firebase/app': [ '0.10.13' ],
329 silly audit   '@firebase/app-check': [ '0.8.8' ],
329 silly audit   '@firebase/app-check-compat': [ '0.3.15' ],
329 silly audit   '@firebase/app-check-interop-types': [ '0.3.2' ],
329 silly audit   '@firebase/app-check-types': [ '0.5.2' ],
329 silly audit   '@firebase/app-compat': [ '0.2.43' ],
329 silly audit   '@firebase/app-types': [ '0.9.2' ],
329 silly audit   '@firebase/auth-compat': [ '0.5.14' ],
329 silly audit   '@firebase/auth': [ '1.7.9' ],
329 silly audit   '@firebase/auth-interop-types': [ '0.2.3' ],
329 silly audit   '@firebase/auth-types': [ '0.12.2' ],
329 silly audit   '@firebase/component': [ '0.6.9' ],
329 silly audit   '@firebase/data-connect': [ '0.1.0' ],
329 silly audit   '@firebase/database': [ '1.0.8' ],
329 silly audit   '@firebase/database-compat': [ '1.0.8' ],
329 silly audit   '@firebase/database-types': [ '1.0.5' ],
329 silly audit   '@firebase/firestore': [ '4.7.3' ],
329 silly audit   '@firebase/firestore-compat': [ '0.3.38' ],
329 silly audit   '@firebase/firestore-types': [ '3.0.2' ],
329 silly audit   '@firebase/functions': [ '0.11.8' ],
329 silly audit   '@firebase/functions-compat': [ '0.3.14' ],
329 silly audit   '@firebase/functions-types': [ '0.6.2' ],
329 silly audit   '@firebase/installations': [ '0.6.9' ],
329 silly audit   '@firebase/installations-compat': [ '0.2.9' ],
329 silly audit   '@firebase/installations-types': [ '0.5.2' ],
329 silly audit   '@firebase/logger': [ '0.4.2' ],
329 silly audit   '@firebase/messaging': [ '0.12.12' ],
329 silly audit   '@firebase/messaging-compat': [ '0.2.12' ],
329 silly audit   '@firebase/messaging-interop-types': [ '0.2.2' ],
329 silly audit   '@firebase/performance': [ '0.6.9' ],
329 silly audit   '@firebase/performance-compat': [ '0.2.9' ],
329 silly audit   '@firebase/performance-types': [ '0.2.2' ],
329 silly audit   '@firebase/remote-config': [ '0.4.9' ],
329 silly audit   '@firebase/remote-config-compat': [ '0.2.9' ],
329 silly audit   '@firebase/remote-config-types': [ '0.3.2' ],
329 silly audit   '@firebase/storage': [ '0.13.2' ],
329 silly audit   '@firebase/storage-compat': [ '0.3.12' ],
329 silly audit   '@firebase/storage-types': [ '0.8.2' ],
329 silly audit   '@firebase/util': [ '1.10.0' ],
329 silly audit   '@firebase/vertexai-preview': [ '0.0.4' ],
329 silly audit   '@firebase/webchannel-wrapper': [ '1.0.1' ],
329 silly audit   '@grpc/grpc-js': [ '1.9.15' ],
329 silly audit   '@grpc/proto-loader': [ '0.7.15' ],
329 silly audit   '@humanfs/core': [ '0.19.1' ],
329 silly audit   '@humanfs/node': [ '0.16.7' ],
329 silly audit   '@humanwhocodes/module-importer': [ '1.0.1' ],
329 silly audit   '@humanwhocodes/retry': [ '0.4.3' ],
329 silly audit   '@nodelib/fs.scandir': [ '2.1.5' ],
329 silly audit   '@nodelib/fs.stat': [ '2.0.5' ],
329 silly audit   '@nodelib/fs.walk': [ '1.2.8' ],
329 silly audit   '@protobufjs/aspromise': [ '1.1.2' ],
329 silly audit   '@protobufjs/base64': [ '1.1.2' ],
329 silly audit   '@protobufjs/codegen': [ '2.0.4' ],
329 silly audit   '@protobufjs/eventemitter': [ '1.1.0' ],
329 silly audit   '@protobufjs/fetch': [ '1.1.0' ],
329 silly audit   '@protobufjs/float': [ '1.0.2' ],
329 silly audit   '@protobufjs/inquire': [ '1.1.0' ],
329 silly audit   '@protobufjs/path': [ '1.1.2' ],
329 silly audit   '@protobufjs/pool': [ '1.1.0' ],
329 silly audit   '@protobufjs/utf8': [ '1.1.0' ],
329 silly audit   '@remix-run/router': [ '1.23.0' ],
329 silly audit   '@rollup/rollup-android-arm-eabi': [ '4.52.5' ],
329 silly audit   '@rollup/rollup-android-arm64': [ '4.52.5' ],
329 silly audit   '@rollup/rollup-darwin-arm64': [ '4.52.5' ],
329 silly audit   '@rollup/rollup-darwin-x64': [ '4.52.5' ],
329 silly audit   '@rollup/rollup-freebsd-arm64': [ '4.52.5' ],
329 silly audit   '@rollup/rollup-freebsd-x64': [ '4.52.5' ],
329 silly audit   '@rollup/rollup-linux-arm-gnueabihf': [ '4.52.5' ],
329 silly audit   '@rollup/rollup-linux-arm-musleabihf': [ '4.52.5' ],
329 silly audit   '@rollup/rollup-linux-arm64-gnu': [ '4.52.5' ],
329 silly audit   '@rollup/rollup-linux-arm64-musl': [ '4.52.5' ],
329 silly audit   '@rollup/rollup-linux-loong64-gnu': [ '4.52.5' ],
329 silly audit   '@rollup/rollup-linux-ppc64-gnu': [ '4.52.5' ],
329 silly audit   '@rollup/rollup-linux-riscv64-gnu': [ '4.52.5' ],
329 silly audit   '@rollup/rollup-linux-riscv64-musl': [ '4.52.5' ],
329 silly audit   '@rollup/rollup-linux-s390x-gnu': [ '4.52.5' ],
329 silly audit   '@rollup/rollup-linux-x64-gnu': [ '4.52.5' ],
329 silly audit   '@rollup/rollup-linux-x64-musl': [ '4.52.5' ],
329 silly audit   '@rollup/rollup-openharmony-arm64': [ '4.52.5' ],
329 silly audit   '@rollup/rollup-win32-arm64-msvc': [ '4.52.5' ],
329 silly audit   '@rollup/rollup-win32-ia32-msvc': [ '4.52.5' ],
329 silly audit   '@rollup/rollup-win32-x64-gnu': [ '4.52.5' ],
329 silly audit   '@rollup/rollup-win32-x64-msvc': [ '4.52.5' ],
329 silly audit   '@types/estree': [ '1.0.8' ],
329 silly audit   '@types/json-schema': [ '7.0.15' ],
329 silly audit   '@types/node': [ '24.9.2' ],
329 silly audit   '@types/prop-types': [ '15.7.15' ],
329 silly audit   '@types/react': [ '18.3.26' ],
329 silly audit   '@types/react-dom': [ '18.3.7' ],
329 silly audit   '@typescript-eslint/eslint-plugin': [ '8.46.2' ],
329 silly audit   '@typescript-eslint/parser': [ '8.46.2' ],
329 silly audit   '@typescript-eslint/project-service': [ '8.46.2' ],
329 silly audit   '@typescript-eslint/scope-manager': [ '8.46.2' ],
329 silly audit   '@typescript-eslint/tsconfig-utils': [ '8.46.2' ],
329 silly audit   '@typescript-eslint/type-utils': [ '8.46.2' ],
329 silly audit   '@typescript-eslint/types': [ '8.46.2' ],
329 silly audit   '@typescript-eslint/typescript-estree': [ '8.46.2' ],
329 silly audit   '@typescript-eslint/utils': [ '8.46.2' ],
329 silly audit   '@typescript-eslint/visitor-keys': [ '8.46.2' ],
329 silly audit   'eslint-visitor-keys': [ '4.2.1', '3.4.3' ],
329 silly audit   acorn: [ '8.15.0' ],
329 silly audit   'acorn-jsx': [ '5.3.2' ],
329 silly audit   ajv: [ '6.12.6' ],
329 silly audit   'ansi-regex': [ '5.0.1' ],
329 silly audit   'ansi-styles': [ '4.3.0' ],
329 silly audit   argparse: [ '2.0.1' ],
329 silly audit   asynckit: [ '0.4.0' ],
329 silly audit   axios: [ '1.13.1' ],
329 silly audit   'balanced-match': [ '1.0.2' ],
329 silly audit   braces: [ '3.0.3' ],
329 silly audit   'call-bind-apply-helpers': [ '1.0.2' ],
329 silly audit   callsites: [ '3.1.0' ],
329 silly audit   chalk: [ '4.1.2' ],
329 silly audit   cliui: [ '8.0.1' ],
329 silly audit   'color-convert': [ '2.0.1' ],
329 silly audit   'color-name': [ '1.1.4' ],
329 silly audit   'combined-stream': [ '1.0.8' ],
329 silly audit   'concat-map': [ '0.0.1' ],
329 silly audit   'cross-spawn': [ '7.0.6' ],
329 silly audit   csstype: [ '3.1.3' ],
329 silly audit   debug: [ '4.4.3' ],
329 silly audit   'deep-is': [ '0.1.4' ],
329 silly audit   'delayed-stream': [ '1.0.0' ],
329 silly audit   'dunder-proto': [ '1.0.1' ],
329 silly audit   'emoji-regex': [ '8.0.0' ],
329 silly audit   'es-define-property': [ '1.0.1' ],
329 silly audit   'es-errors': [ '1.3.0' ],
329 silly audit   'es-object-atoms': [ '1.1.1' ],
329 silly audit   'es-set-tostringtag': [ '2.1.0' ],
329 silly audit   esbuild: [ '0.21.5' ],
329 silly audit   escalade: [ '3.2.0' ],
329 silly audit   'escape-string-regexp': [ '4.0.0' ],
329 silly audit   eslint: [ '9.38.0' ],
329 silly audit   'eslint-plugin-react-hooks': [ '5.2.0' ],
329 silly audit   'eslint-plugin-react-refresh': [ '0.4.24' ],
329 silly audit   'eslint-scope': [ '8.4.0' ],
329 silly audit   espree: [ '10.4.0' ],
329 silly audit   esquery: [ '1.6.0' ],
329 silly audit   esrecurse: [ '4.3.0' ],
329 silly audit   estraverse: [ '5.3.0' ],
329 silly audit   esutils: [ '2.0.3' ],
329 silly audit   'fast-deep-equal': [ '3.1.3' ],
329 silly audit   'fast-glob': [ '3.3.3' ],
329 silly audit   'glob-parent': [ '5.1.2', '6.0.2' ],
329 silly audit   'fast-json-stable-stringify': [ '2.1.0' ],
329 silly audit   'fast-levenshtein': [ '2.0.6' ],
329 silly audit   fastq: [ '1.19.1' ],
329 silly audit   'faye-websocket': [ '0.11.4' ],
329 silly audit   'file-entry-cache': [ '8.0.0' ],
329 silly audit   'fill-range': [ '7.1.1' ],
329 silly audit   'find-up': [ '5.0.0' ],
329 silly audit   firebase: [ '10.14.1' ],
329 silly audit   'flat-cache': [ '4.0.1' ],
329 silly audit   flatted: [ '3.3.3' ],
329 silly audit   'follow-redirects': [ '1.15.11' ],
329 silly audit   'form-data': [ '4.0.4' ],
329 silly audit   fsevents: [ '2.3.3' ],
329 silly audit   'function-bind': [ '1.1.2' ],
329 silly audit   'get-caller-file': [ '2.0.5' ],
329 silly audit   'get-intrinsic': [ '1.3.0' ],
329 silly audit   'get-proto': [ '1.0.1' ],
329 silly audit   globals: [ '14.0.0' ],
329 silly audit   gopd: [ '1.2.0' ],
329 silly audit   graphemer: [ '1.4.0' ],
329 silly audit   'has-flag': [ '4.0.0' ],
329 silly audit   'has-symbols': [ '1.1.0' ],
329 silly audit   'has-tostringtag': [ '1.0.2' ],
329 silly audit   hasown: [ '2.0.2' ],
329 silly audit   'http-parser-js': [ '0.5.10' ],
329 silly audit   idb: [ '7.1.1' ],
329 silly audit   'import-fresh': [ '3.3.1' ],
329 silly audit   imurmurhash: [ '0.1.4' ],
329 silly audit   'is-extglob': [ '2.1.1' ],
329 silly audit   'is-fullwidth-code-point': [ '3.0.0' ],
329 silly audit   'is-glob': [ '4.0.3' ],
329 silly audit   'is-number': [ '7.0.0' ],
329 silly audit   isexe: [ '2.0.0' ],
329 silly audit   'js-tokens': [ '4.0.0' ],
329 silly audit   'js-yaml': [ '4.1.0' ],
329 silly audit   'json-buffer': [ '3.0.1' ],
329 silly audit   'json-schema-traverse': [ '0.4.1' ],
329 silly audit   'json-stable-stringify-without-jsonify': [ '1.0.1' ],
329 silly audit   keyv: [ '4.5.4' ],
329 silly audit   levn: [ '0.4.1' ],
329 silly audit   'locate-path': [ '6.0.0' ],
329 silly audit   'lodash.camelcase': [ '4.3.0' ],
329 silly audit   'lodash.merge': [ '4.6.2' ],
329 silly audit   long: [ '5.3.2' ],
329 silly audit   'loose-envify': [ '1.4.0' ],
329 silly audit   'math-intrinsics': [ '1.1.0' ],
329 silly audit   merge2: [ '1.4.1' ],
329 silly audit   micromatch: [ '4.0.8' ],
329 silly audit   'mime-db': [ '1.52.0' ],
329 silly audit   'mime-types': [ '2.1.35' ],
329 silly audit   ms: [ '2.1.3' ],
329 silly audit   nanoid: [ '3.3.11' ],
329 silly audit   'natural-compare': [ '1.4.0' ],
329 silly audit   optionator: [ '0.9.4' ],
329 silly audit   'p-limit': [ '3.1.0' ],
329 silly audit   'p-locate': [ '5.0.0' ],
329 silly audit   'parent-module': [ '1.0.1' ],
329 silly audit   'path-exists': [ '4.0.0' ],
329 silly audit   'path-key': [ '3.1.1' ],
329 silly audit   picocolors: [ '1.1.1' ],
329 silly audit   picomatch: [ '2.3.1' ],
329 silly audit   postcss: [ '8.5.6' ],
329 silly audit   'prelude-ls': [ '1.2.1' ],
329 silly audit   protobufjs: [ '7.5.4' ],
329 silly audit   'proxy-from-env': [ '1.1.0' ],
329 silly audit   punycode: [ '2.3.1' ],
329 silly audit   'queue-microtask': [ '1.2.3' ],
329 silly audit   react: [ '18.3.1' ],
329 silly audit   'react-dom': [ '18.3.1' ],
329 silly audit   'react-router': [ '6.30.1' ],
329 silly audit   'react-router-dom': [ '6.30.1' ],
329 silly audit   'require-directory': [ '2.1.1' ],
329 silly audit   'resolve-from': [ '4.0.0' ],
329 silly audit   reusify: [ '1.1.0' ],
329 silly audit   rollup: [ '4.52.5' ],
329 silly audit   'run-parallel': [ '1.2.0' ],
329 silly audit   'safe-buffer': [ '5.2.1' ],
329 silly audit   scheduler: [ '0.23.2' ],
329 silly audit   semver: [ '7.7.3', '6.3.1' ],
329 silly audit   'shebang-command': [ '2.0.0' ],
329 silly audit   'shebang-regex': [ '3.0.0' ],
329 silly audit   'source-map-js': [ '1.2.1' ],
329 silly audit   'string-width': [ '4.2.3' ],
329 silly audit   'strip-ansi': [ '6.0.1' ],
329 silly audit   'strip-json-comments': [ '3.1.1' ],
329 silly audit   'supports-color': [ '7.2.0' ],
329 silly audit   'to-regex-range': [ '5.0.1' ],
329 silly audit   'ts-api-utils': [ '2.1.0' ],
329 silly audit   tslib: [ '2.8.1' ],
329 silly audit   'type-check': [ '0.4.0' ],
329 silly audit   typescript: [ '5.9.3' ],
329 silly audit   undici: [ '6.19.7' ],
329 silly audit   'undici-types': [ '7.16.0' ],
329 silly audit   'uri-js': [ '4.4.1' ],
329 silly audit   vite: [ '5.4.21' ],
329 silly audit   'websocket-driver': [ '0.7.4' ],
329 silly audit   'websocket-extensions': [ '0.1.4' ],
329 silly audit   which: [ '2.0.2' ],
329 silly audit   'word-wrap': [ '1.2.5' ],
329 silly audit   'wrap-ansi': [ '7.0.0' ],
329 silly audit   y18n: [ '5.0.8' ],
329 silly audit   yargs: [ '17.7.2' ],
329 silly audit   'yargs-parser': [ '21.1.1' ],
329 silly audit   'yocto-queue': [ '0.1.0' ],
329 silly audit   '@vitejs/plugin-react': [ '5.1.0' ],
329 silly audit   '@babel/core': [ '7.28.5' ],
329 silly audit   '@babel/plugin-transform-react-jsx-self': [ '7.27.1' ],
329 silly audit   '@babel/plugin-transform-react-jsx-source': [ '7.27.1' ],
329 silly audit   '@rolldown/pluginutils': [ '1.0.0-beta.43' ],
329 silly audit   '@types/babel__core': [ '7.20.5' ],
329 silly audit   'react-refresh': [ '0.18.0' ],
329 silly audit   '@babel/code-frame': [ '7.27.1' ],
329 silly audit   '@babel/generator': [ '7.28.5' ],
329 silly audit   '@babel/helper-compilation-targets': [ '7.27.2' ],
329 silly audit   '@babel/helper-module-transforms': [ '7.28.3' ],
329 silly audit   '@babel/helpers': [ '7.28.4' ],
329 silly audit   '@babel/parser': [ '7.28.5' ],
329 silly audit   '@babel/template': [ '7.27.2' ],
329 silly audit   '@babel/traverse': [ '7.28.5' ],
329 silly audit   '@babel/types': [ '7.28.5' ],
329 silly audit   '@jridgewell/remapping': [ '2.3.5' ],
329 silly audit   'convert-source-map': [ '2.0.0' ],
329 silly audit   gensync: [ '1.0.0-beta.2' ],
329 silly audit   json5: [ '2.2.3' ],
329 silly audit   '@babel/helper-validator-identifier': [ '7.28.5' ],
329 silly audit   '@jridgewell/gen-mapping': [ '0.3.13' ],
329 silly audit   '@jridgewell/trace-mapping': [ '0.3.31' ],
329 silly audit   jsesc: [ '3.1.0' ],
329 silly audit   '@babel/compat-data': [ '7.28.5' ],
329 silly audit   '@babel/helper-validator-option': [ '7.27.1' ],
329 silly audit   browserslist: [ '4.27.0' ],
329 silly audit   'lru-cache': [ '5.1.1' ],
329 silly audit   '@babel/helper-module-imports': [ '7.27.1' ],
329 silly audit   '@babel/helper-plugin-utils': [ '7.27.1' ],
329 silly audit   '@babel/helper-globals': [ '7.28.0' ],
329 silly audit   '@babel/helper-string-parser': [ '7.27.1' ],
329 silly audit   '@jridgewell/sourcemap-codec': [ '1.5.5' ],
329 silly audit   '@jridgewell/resolve-uri': [ '3.1.2' ],
329 silly audit   '@types/babel__generator': [ '7.27.0' ],
329 silly audit   '@types/babel__template': [ '7.4.4' ],
329 silly audit   '@types/babel__traverse': [ '7.28.0' ],
329 silly audit   'baseline-browser-mapping': [ '2.8.21' ],
329 silly audit   'caniuse-lite': [ '1.0.30001751' ],
329 silly audit   'electron-to-chromium': [ '1.5.243' ],
329 silly audit   'node-releases': [ '2.0.27' ],
329 silly audit   'update-browserslist-db': [ '1.1.4' ],
329 silly audit   yallist: [ '3.1.1' ]
329 silly audit }
330 verbose reify failed optional dependency /Users/haoqi/Desktop/Haoqi/25Fall/lite-ai-detect/frontend/node_modules/@rollup/rollup-win32-x64-msvc
331 silly reify mark deleted [
331 silly reify   '/Users/haoqi/Desktop/Haoqi/25Fall/lite-ai-detect/frontend/node_modules/@rollup/rollup-win32-x64-msvc'
331 silly reify ]
332 verbose reify failed optional dependency /Users/haoqi/Desktop/Haoqi/25Fall/lite-ai-detect/frontend/node_modules/@rollup/rollup-win32-x64-gnu
333 silly reify mark deleted [
333 silly reify   '/Users/haoqi/Desktop/Haoqi/25Fall/lite-ai-detect/frontend/node_modules/@rollup/rollup-win32-x64-gnu'
333 silly reify ]
334 verbose reify failed optional dependency /Users/haoqi/Desktop/Haoqi/25Fall/lite-ai-detect/frontend/node_modules/@rollup/rollup-win32-ia32-msvc
335 silly reify mark deleted [
335 silly reify   '/Users/haoqi/Desktop/Haoqi/25Fall/lite-ai-detect/frontend/node_modules/@rollup/rollup-win32-ia32-msvc'
335 silly reify ]
336 verbose reify failed optional dependency /Users/haoqi/Desktop/Haoqi/25Fall/lite-ai-detect/frontend/node_modules/@rollup/rollup-win32-arm64-msvc
337 silly reify mark deleted [
337 silly reify   '/Users/haoqi/Desktop/Haoqi/25Fall/lite-ai-detect/frontend/node_modules/@rollup/rollup-win32-arm64-msvc'
337 silly reify ]
338 verbose reify failed optional dependency /Users/haoqi/Desktop/Haoqi/25Fall/lite-ai-detect/frontend/node_modules/@rollup/rollup-openharmony-arm64
339 silly reify mark deleted [
339 silly reify   '/Users/haoqi/Desktop/Haoqi/25Fall/lite-ai-detect/frontend/node_modules/@rollup/rollup-openharmony-arm64'
339 silly reify ]
340 verbose reify failed optional dependency /Users/haoqi/Desktop/Haoqi/25Fall/lite-ai-detect/frontend/node_modules/@rollup/rollup-linux-x64-musl
341 silly reify mark deleted [
341 silly reify   '/Users/haoqi/Desktop/Haoqi/25Fall/lite-ai-detect/frontend/node_modules/@rollup/rollup-linux-x64-musl'
341 silly reify ]
342 verbose reify failed optional dependency /Users/haoqi/Desktop/Haoqi/25Fall/lite-ai-detect/frontend/node_modules/@rollup/rollup-linux-x64-gnu
343 silly reify mark deleted [
343 silly reify   '/Users/haoqi/Desktop/Haoqi/25Fall/lite-ai-detect/frontend/node_modules/@rollup/rollup-linux-x64-gnu'
343 silly reify ]
344 verbose reify failed optional dependency /Users/haoqi/Desktop/Haoqi/25Fall/lite-ai-detect/frontend/node_modules/@rollup/rollup-linux-s390x-gnu
345 silly reify mark deleted [
345 silly reify   '/Users/haoqi/Desktop/Haoqi/25Fall/lite-ai-detect/frontend/node_modules/@rollup/rollup-linux-s390x-gnu'
345 silly reify ]
346 verbose reify failed optional dependency /Users/haoqi/Desktop/Haoqi/25Fall/lite-ai-detect/frontend/node_modules/@rollup/rollup-linux-riscv64-musl
347 silly reify mark deleted [
347 silly reify   '/Users/haoqi/Desktop/Haoqi/25Fall/lite-ai-detect/frontend/node_modules/@rollup/rollup-linux-riscv64-musl'
347 silly reify ]
348 verbose reify failed optional dependency /Users/haoqi/Desktop/Haoqi/25Fall/lite-ai-detect/frontend/node_modules/@rollup/rollup-linux-riscv64-gnu
349 silly reify mark deleted [
349 silly reify   '/Users/haoqi/Desktop/Haoqi/25Fall/lite-ai-detect/frontend/node_modules/@rollup/rollup-linux-riscv64-gnu'
349 silly reify ]
350 verbose reify failed optional dependency /Users/haoqi/Desktop/Haoqi/25Fall/lite-ai-detect/frontend/node_modules/@rollup/rollup-linux-ppc64-gnu
351 silly reify mark deleted [
351 silly reify   '/Users/haoqi/Desktop/Haoqi/25Fall/lite-ai-detect/frontend/node_modules/@rollup/rollup-linux-ppc64-gnu'
351 silly reify ]
352 verbose reify failed optional dependency /Users/haoqi/Desktop/Haoqi/25Fall/lite-ai-detect/frontend/node_modules/@rollup/rollup-linux-loong64-gnu
353 silly reify mark deleted [
353 silly reify   '/Users/haoqi/Desktop/Haoqi/25Fall/lite-ai-detect/frontend/node_modules/@rollup/rollup-linux-loong64-gnu'
353 silly reify ]
354 verbose reify failed optional dependency /Users/haoqi/Desktop/Haoqi/25Fall/lite-ai-detect/frontend/node_modules/@rollup/rollup-linux-arm64-musl
355 silly reify mark deleted [
355 silly reify   '/Users/haoqi/Desktop/Haoqi/25Fall/lite-ai-detect/frontend/node_modules/@rollup/rollup-linux-arm64-musl'
355 silly reify ]
356 verbose reify failed optional dependency /Users/haoqi/Desktop/Haoqi/25Fall/lite-ai-detect/frontend/node_modules/@rollup/rollup-linux-arm64-gnu
357 silly reify mark deleted [
357 silly reify   '/Users/haoqi/Desktop/Haoqi/25Fall/lite-ai-detect/frontend/node_modules/@rollup/rollup-linux-arm64-gnu'
357 silly reify ]
358 verbose reify failed optional dependency /Users/haoqi/Desktop/Haoqi/25Fall/lite-ai-detect/frontend/node_modules/@rollup/rollup-linux-arm-musleabihf
359 silly reify mark deleted [
359 silly reify   '/Users/haoqi/Desktop/Haoqi/25Fall/lite-ai-detect/frontend/node_modules/@rollup/rollup-linux-arm-musleabihf'
359 silly reify ]
360 verbose reify failed optional dependency /Users/haoqi/Desktop/Haoqi/25Fall/lite-ai-detect/frontend/node_modules/@rollup/rollup-linux-arm-gnueabihf
361 silly reify mark deleted [
361 silly reify   '/Users/haoqi/Desktop/Haoqi/25Fall/lite-ai-detect/frontend/node_modules/@rollup/rollup-linux-arm-gnueabihf'
361 silly reify ]
362 verbose reify failed optional dependency /Users/haoqi/Desktop/Haoqi/25Fall/lite-ai-detect/frontend/node_modules/@rollup/rollup-freebsd-x64
363 silly reify mark deleted [
363 silly reify   '/Users/haoqi/Desktop/Haoqi/25Fall/lite-ai-detect/frontend/node_modules/@rollup/rollup-freebsd-x64'
363 silly reify ]
364 verbose reify failed optional dependency /Users/haoqi/Desktop/Haoqi/25Fall/lite-ai-detect/frontend/node_modules/@rollup/rollup-freebsd-arm64
365 silly reify mark deleted [
365 silly reify   '/Users/haoqi/Desktop/Haoqi/25Fall/lite-ai-detect/frontend/node_modules/@rollup/rollup-freebsd-arm64'
365 silly reify ]
366 verbose reify failed optional dependency /Users/haoqi/Desktop/Haoqi/25Fall/lite-ai-detect/frontend/node_modules/@rollup/rollup-darwin-x64
367 silly reify mark deleted [
367 silly reify   '/Users/haoqi/Desktop/Haoqi/25Fall/lite-ai-detect/frontend/node_modules/@rollup/rollup-darwin-x64'
367 silly reify ]
368 verbose reify failed optional dependency /Users/haoqi/Desktop/Haoqi/25Fall/lite-ai-detect/frontend/node_modules/@rollup/rollup-android-arm64
369 silly reify mark deleted [
369 silly reify   '/Users/haoqi/Desktop/Haoqi/25Fall/lite-ai-detect/frontend/node_modules/@rollup/rollup-android-arm64'
369 silly reify ]
370 verbose reify failed optional dependency /Users/haoqi/Desktop/Haoqi/25Fall/lite-ai-detect/frontend/node_modules/@rollup/rollup-android-arm-eabi
371 silly reify mark deleted [
371 silly reify   '/Users/haoqi/Desktop/Haoqi/25Fall/lite-ai-detect/frontend/node_modules/@rollup/rollup-android-arm-eabi'
371 silly reify ]
372 verbose reify failed optional dependency /Users/haoqi/Desktop/Haoqi/25Fall/lite-ai-detect/frontend/node_modules/@esbuild/win32-x64
373 silly reify mark deleted [
373 silly reify   '/Users/haoqi/Desktop/Haoqi/25Fall/lite-ai-detect/frontend/node_modules/@esbuild/win32-x64'
373 silly reify ]
374 verbose reify failed optional dependency /Users/haoqi/Desktop/Haoqi/25Fall/lite-ai-detect/frontend/node_modules/@esbuild/win32-ia32
375 silly reify mark deleted [
375 silly reify   '/Users/haoqi/Desktop/Haoqi/25Fall/lite-ai-detect/frontend/node_modules/@esbuild/win32-ia32'
375 silly reify ]
376 verbose reify failed optional dependency /Users/haoqi/Desktop/Haoqi/25Fall/lite-ai-detect/frontend/node_modules/@esbuild/win32-arm64
377 silly reify mark deleted [
377 silly reify   '/Users/haoqi/Desktop/Haoqi/25Fall/lite-ai-detect/frontend/node_modules/@esbuild/win32-arm64'
377 silly reify ]
378 verbose reify failed optional dependency /Users/haoqi/Desktop/Haoqi/25Fall/lite-ai-detect/frontend/node_modules/@esbuild/sunos-x64
379 silly reify mark deleted [
379 silly reify   '/Users/haoqi/Desktop/Haoqi/25Fall/lite-ai-detect/frontend/node_modules/@esbuild/sunos-x64'
379 silly reify ]
380 verbose reify failed optional dependency /Users/haoqi/Desktop/Haoqi/25Fall/lite-ai-detect/frontend/node_modules/@esbuild/openbsd-x64
381 silly reify mark deleted [
381 silly reify   '/Users/haoqi/Desktop/Haoqi/25Fall/lite-ai-detect/frontend/node_modules/@esbuild/openbsd-x64'
381 silly reify ]
382 verbose reify failed optional dependency /Users/haoqi/Desktop/Haoqi/25Fall/lite-ai-detect/frontend/node_modules/@esbuild/netbsd-x64
383 silly reify mark deleted [
383 silly reify   '/Users/haoqi/Desktop/Haoqi/25Fall/lite-ai-detect/frontend/node_modules/@esbuild/netbsd-x64'
383 silly reify ]
384 verbose reify failed optional dependency /Users/haoqi/Desktop/Haoqi/25Fall/lite-ai-detect/frontend/node_modules/@esbuild/linux-x64
385 silly reify mark deleted [
385 silly reify   '/Users/haoqi/Desktop/Haoqi/25Fall/lite-ai-detect/frontend/node_modules/@esbuild/linux-x64'
385 silly reify ]
386 verbose reify failed optional dependency /Users/haoqi/Desktop/Haoqi/25Fall/lite-ai-detect/frontend/node_modules/@esbuild/linux-s390x
387 silly reify mark deleted [
387 silly reify   '/Users/haoqi/Desktop/Haoqi/25Fall/lite-ai-detect/frontend/node_modules/@esbuild/linux-s390x'
387 silly reify ]
388 verbose reify failed optional dependency /Users/haoqi/Desktop/Haoqi/25Fall/lite-ai-detect/frontend/node_modules/@esbuild/linux-riscv64
389 silly reify mark deleted [
389 silly reify   '/Users/haoqi/Desktop/Haoqi/25Fall/lite-ai-detect/frontend/node_modules/@esbuild/linux-riscv64'
389 silly reify ]
390 verbose reify failed optional dependency /Users/haoqi/Desktop/Haoqi/25Fall/lite-ai-detect/frontend/node_modules/@esbuild/linux-ppc64
391 silly reify mark deleted [
391 silly reify   '/Users/haoqi/Desktop/Haoqi/25Fall/lite-ai-detect/frontend/node_modules/@esbuild/linux-ppc64'
391 silly reify ]
392 verbose reify failed optional dependency /Users/haoqi/Desktop/Haoqi/25Fall/lite-ai-detect/frontend/node_modules/@esbuild/linux-mips64el
393 silly reify mark deleted [
393 silly reify   '/Users/haoqi/Desktop/Haoqi/25Fall/lite-ai-detect/frontend/node_modules/@esbuild/linux-mips64el'
393 silly reify ]
394 verbose reify failed optional dependency /Users/haoqi/Desktop/Haoqi/25Fall/lite-ai-detect/frontend/node_modules/@esbuild/linux-loong64
395 silly reify mark deleted [
395 silly reify   '/Users/haoqi/Desktop/Haoqi/25Fall/lite-ai-detect/frontend/node_modules/@esbuild/linux-loong64'
395 silly reify ]
396 verbose reify failed optional dependency /Users/haoqi/Desktop/Haoqi/25Fall/lite-ai-detect/frontend/node_modules/@esbuild/linux-ia32
397 silly reify mark deleted [
397 silly reify   '/Users/haoqi/Desktop/Haoqi/25Fall/lite-ai-detect/frontend/node_modules/@esbuild/linux-ia32'
397 silly reify ]
398 verbose reify failed optional dependency /Users/haoqi/Desktop/Haoqi/25Fall/lite-ai-detect/frontend/node_modules/@esbuild/linux-arm64
399 silly reify mark deleted [
399 silly reify   '/Users/haoqi/Desktop/Haoqi/25Fall/lite-ai-detect/frontend/node_modules/@esbuild/linux-arm64'
399 silly reify ]
400 verbose reify failed optional dependency /Users/haoqi/Desktop/Haoqi/25Fall/lite-ai-detect/frontend/node_modules/@esbuild/linux-arm
401 silly reify mark deleted [
401 silly reify   '/Users/haoqi/Desktop/Haoqi/25Fall/lite-ai-detect/frontend/node_modules/@esbuild/linux-arm'
401 silly reify ]
402 verbose reify failed optional dependency /Users/haoqi/Desktop/Haoqi/25Fall/lite-ai-detect/frontend/node_modules/@esbuild/freebsd-x64
403 silly reify mark deleted [
403 silly reify   '/Users/haoqi/Desktop/Haoqi/25Fall/lite-ai-detect/frontend/node_modules/@esbuild/freebsd-x64'
403 silly reify ]
404 verbose reify failed optional dependency /Users/haoqi/Desktop/Haoqi/25Fall/lite-ai-detect/frontend/node_modules/@esbuild/freebsd-arm64
405 silly reify mark deleted [
405 silly reify   '/Users/haoqi/Desktop/Haoqi/25Fall/lite-ai-detect/frontend/node_modules/@esbuild/freebsd-arm64'
405 silly reify ]
406 verbose reify failed optional dependency /Users/haoqi/Desktop/Haoqi/25Fall/lite-ai-detect/frontend/node_modules/@esbuild/darwin-x64
407 silly reify mark deleted [
407 silly reify   '/Users/haoqi/Desktop/Haoqi/25Fall/lite-ai-detect/frontend/node_modules/@esbuild/darwin-x64'
407 silly reify ]
408 verbose reify failed optional dependency /Users/haoqi/Desktop/Haoqi/25Fall/lite-ai-detect/frontend/node_modules/@esbuild/android-x64
409 silly reify mark deleted [
409 silly reify   '/Users/haoqi/Desktop/Haoqi/25Fall/lite-ai-detect/frontend/node_modules/@esbuild/android-x64'
409 silly reify ]
410 verbose reify failed optional dependency /Users/haoqi/Desktop/Haoqi/25Fall/lite-ai-detect/frontend/node_modules/@esbuild/android-arm64
411 silly reify mark deleted [
411 silly reify   '/Users/haoqi/Desktop/Haoqi/25Fall/lite-ai-detect/frontend/node_modules/@esbuild/android-arm64'
411 silly reify ]
412 verbose reify failed optional dependency /Users/haoqi/Desktop/Haoqi/25Fall/lite-ai-detect/frontend/node_modules/@esbuild/android-arm
413 silly reify mark deleted [
413 silly reify   '/Users/haoqi/Desktop/Haoqi/25Fall/lite-ai-detect/frontend/node_modules/@esbuild/android-arm'
413 silly reify ]
414 verbose reify failed optional dependency /Users/haoqi/Desktop/Haoqi/25Fall/lite-ai-detect/frontend/node_modules/@esbuild/aix-ppc64
415 silly reify mark deleted [
415 silly reify   '/Users/haoqi/Desktop/Haoqi/25Fall/lite-ai-detect/frontend/node_modules/@esbuild/aix-ppc64'
415 silly reify ]
416 http cache yallist@https://registry.npmjs.org/yallist/-/yallist-3.1.1.tgz 0ms (cache hit)
417 http cache node-releases@https://registry.npmjs.org/node-releases/-/node-releases-2.0.27.tgz 0ms (cache hit)
418 http cache update-browserslist-db@https://registry.npmjs.org/update-browserslist-db/-/update-browserslist-db-1.1.4.tgz 0ms (cache hit)
419 http cache caniuse-lite@https://registry.npmjs.org/caniuse-lite/-/caniuse-lite-1.0.30001751.tgz 0ms (cache hit)
420 http cache electron-to-chromium@https://registry.npmjs.org/electron-to-chromium/-/electron-to-chromium-1.5.243.tgz 0ms (cache hit)
421 http cache baseline-browser-mapping@https://registry.npmjs.org/baseline-browser-mapping/-/baseline-browser-mapping-2.8.21.tgz 0ms (cache hit)
422 http cache @types/babel__traverse@https://registry.npmjs.org/@types/babel__traverse/-/babel__traverse-7.28.0.tgz 0ms (cache hit)
423 http cache @types/babel__template@https://registry.npmjs.org/@types/babel__template/-/babel__template-7.4.4.tgz 0ms (cache hit)
424 http cache @jridgewell/resolve-uri@https://registry.npmjs.org/@jridgewell/resolve-uri/-/resolve-uri-3.1.2.tgz 0ms (cache hit)
425 http cache @jridgewell/sourcemap-codec@https://registry.npmjs.org/@jridgewell/sourcemap-codec/-/sourcemap-codec-1.5.5.tgz 0ms (cache hit)
426 http cache @types/babel__generator@https://registry.npmjs.org/@types/babel__generator/-/babel__generator-7.27.0.tgz 0ms (cache hit)
427 http cache @babel/helper-string-parser@https://registry.npmjs.org/@babel/helper-string-parser/-/helper-string-parser-7.27.1.tgz 0ms (cache hit)
428 http cache @babel/helper-globals@https://registry.npmjs.org/@babel/helper-globals/-/helper-globals-7.28.0.tgz 0ms (cache hit)
429 http cache @babel/helper-plugin-utils@https://registry.npmjs.org/@babel/helper-plugin-utils/-/helper-plugin-utils-7.27.1.tgz 0ms (cache hit)
430 http cache @babel/helper-module-imports@https://registry.npmjs.org/@babel/helper-module-imports/-/helper-module-imports-7.27.1.tgz 0ms (cache hit)
431 http cache lru-cache@https://registry.npmjs.org/lru-cache/-/lru-cache-5.1.1.tgz 0ms (cache hit)
432 http cache @babel/helper-validator-option@https://registry.npmjs.org/@babel/helper-validator-option/-/helper-validator-option-7.27.1.tgz 0ms (cache hit)
433 http cache @babel/compat-data@https://registry.npmjs.org/@babel/compat-data/-/compat-data-7.28.5.tgz 0ms (cache hit)
434 http cache browserslist@https://registry.npmjs.org/browserslist/-/browserslist-4.27.0.tgz 0ms (cache hit)
435 http cache jsesc@https://registry.npmjs.org/jsesc/-/jsesc-3.1.0.tgz 0ms (cache hit)
436 http cache @jridgewell/trace-mapping@https://registry.npmjs.org/@jridgewell/trace-mapping/-/trace-mapping-0.3.31.tgz 0ms (cache hit)
437 http cache @jridgewell/gen-mapping@https://registry.npmjs.org/@jridgewell/gen-mapping/-/gen-mapping-0.3.13.tgz 0ms (cache hit)
438 http cache @babel/helper-validator-identifier@https://registry.npmjs.org/@babel/helper-validator-identifier/-/helper-validator-identifier-7.28.5.tgz 0ms (cache hit)
439 http cache json5@https://registry.npmjs.org/json5/-/json5-2.2.3.tgz 0ms (cache hit)
440 http cache gensync@https://registry.npmjs.org/gensync/-/gensync-1.0.0-beta.2.tgz 0ms (cache hit)
441 http cache convert-source-map@https://registry.npmjs.org/convert-source-map/-/convert-source-map-2.0.0.tgz 0ms (cache hit)
442 http cache @babel/types@https://registry.npmjs.org/@babel/types/-/types-7.28.5.tgz 0ms (cache hit)
443 http cache @jridgewell/remapping@https://registry.npmjs.org/@jridgewell/remapping/-/remapping-2.3.5.tgz 0ms (cache hit)
444 http cache @babel/template@https://registry.npmjs.org/@babel/template/-/template-7.27.2.tgz 0ms (cache hit)
445 http cache @babel/traverse@https://registry.npmjs.org/@babel/traverse/-/traverse-7.28.5.tgz 0ms (cache hit)
446 http cache @babel/parser@https://registry.npmjs.org/@babel/parser/-/parser-7.28.5.tgz 0ms (cache hit)
447 http cache @babel/helpers@https://registry.npmjs.org/@babel/helpers/-/helpers-7.28.4.tgz 0ms (cache hit)
448 http cache @babel/helper-module-transforms@https://registry.npmjs.org/@babel/helper-module-transforms/-/helper-module-transforms-7.28.3.tgz 0ms (cache hit)
449 http cache @babel/helper-compilation-targets@https://registry.npmjs.org/@babel/helper-compilation-targets/-/helper-compilation-targets-7.27.2.tgz 0ms (cache hit)
450 http cache @babel/generator@https://registry.npmjs.org/@babel/generator/-/generator-7.28.5.tgz 0ms (cache hit)
451 http cache @babel/code-frame@https://registry.npmjs.org/@babel/code-frame/-/code-frame-7.27.1.tgz 0ms (cache hit)
452 http cache @rolldown/pluginutils@https://registry.npmjs.org/@rolldown/pluginutils/-/pluginutils-1.0.0-beta.43.tgz 0ms (cache hit)
453 http cache react-refresh@https://registry.npmjs.org/react-refresh/-/react-refresh-0.18.0.tgz 0ms (cache hit)
454 http cache @babel/core@https://registry.npmjs.org/@babel/core/-/core-7.28.5.tgz 0ms (cache hit)
455 http cache @babel/plugin-transform-react-jsx-source@https://registry.npmjs.org/@babel/plugin-transform-react-jsx-source/-/plugin-transform-react-jsx-source-7.27.1.tgz 0ms (cache hit)
456 http cache @types/babel__core@https://registry.npmjs.org/@types/babel__core/-/babel__core-7.20.5.tgz 0ms (cache hit)
457 http cache @babel/plugin-transform-react-jsx-self@https://registry.npmjs.org/@babel/plugin-transform-react-jsx-self/-/plugin-transform-react-jsx-self-7.27.1.tgz 0ms (cache hit)
458 http cache @vitejs/plugin-react@https://registry.npmjs.org/@vitejs/plugin-react/-/plugin-react-5.1.0.tgz 0ms (cache hit)
459 http cache semver@https://registry.npmjs.org/semver/-/semver-6.3.1.tgz 0ms (cache hit)
460 http cache semver@https://registry.npmjs.org/semver/-/semver-6.3.1.tgz 0ms (cache hit)
461 silly tarball no local data for yallist@https://registry.npmjs.org/yallist/-/yallist-3.1.1.tgz. Extracting by manifest.
462 silly tarball no local data for node-releases@https://registry.npmjs.org/node-releases/-/node-releases-2.0.27.tgz. Extracting by manifest.
463 silly tarball no local data for update-browserslist-db@https://registry.npmjs.org/update-browserslist-db/-/update-browserslist-db-1.1.4.tgz. Extracting by manifest.
464 silly tarball no local data for caniuse-lite@https://registry.npmjs.org/caniuse-lite/-/caniuse-lite-1.0.30001751.tgz. Extracting by manifest.
465 silly tarball no local data for electron-to-chromium@https://registry.npmjs.org/electron-to-chromium/-/electron-to-chromium-1.5.243.tgz. Extracting by manifest.
466 silly tarball no local data for baseline-browser-mapping@https://registry.npmjs.org/baseline-browser-mapping/-/baseline-browser-mapping-2.8.21.tgz. Extracting by manifest.
467 silly tarball no local data for @types/babel__traverse@https://registry.npmjs.org/@types/babel__traverse/-/babel__traverse-7.28.0.tgz. Extracting by manifest.
468 silly tarball no local data for @types/babel__template@https://registry.npmjs.org/@types/babel__template/-/babel__template-7.4.4.tgz. Extracting by manifest.
469 silly tarball no local data for @jridgewell/resolve-uri@https://registry.npmjs.org/@jridgewell/resolve-uri/-/resolve-uri-3.1.2.tgz. Extracting by manifest.
470 silly tarball no local data for @jridgewell/sourcemap-codec@https://registry.npmjs.org/@jridgewell/sourcemap-codec/-/sourcemap-codec-1.5.5.tgz. Extracting by manifest.
471 silly tarball no local data for @types/babel__generator@https://registry.npmjs.org/@types/babel__generator/-/babel__generator-7.27.0.tgz. Extracting by manifest.
472 silly tarball no local data for @babel/helper-string-parser@https://registry.npmjs.org/@babel/helper-string-parser/-/helper-string-parser-7.27.1.tgz. Extracting by manifest.
473 silly tarball no local data for @babel/helper-globals@https://registry.npmjs.org/@babel/helper-globals/-/helper-globals-7.28.0.tgz. Extracting by manifest.
474 silly tarball no local data for @babel/helper-plugin-utils@https://registry.npmjs.org/@babel/helper-plugin-utils/-/helper-plugin-utils-7.27.1.tgz. Extracting by manifest.
475 silly tarball no local data for @babel/helper-module-imports@https://registry.npmjs.org/@babel/helper-module-imports/-/helper-module-imports-7.27.1.tgz. Extracting by manifest.
476 silly tarball no local data for lru-cache@https://registry.npmjs.org/lru-cache/-/lru-cache-5.1.1.tgz. Extracting by manifest.
477 silly tarball no local data for @babel/helper-validator-option@https://registry.npmjs.org/@babel/helper-validator-option/-/helper-validator-option-7.27.1.tgz. Extracting by manifest.
478 silly tarball no local data for @babel/compat-data@https://registry.npmjs.org/@babel/compat-data/-/compat-data-7.28.5.tgz. Extracting by manifest.
479 silly tarball no local data for browserslist@https://registry.npmjs.org/browserslist/-/browserslist-4.27.0.tgz. Extracting by manifest.
480 silly tarball no local data for jsesc@https://registry.npmjs.org/jsesc/-/jsesc-3.1.0.tgz. Extracting by manifest.
481 silly tarball no local data for @jridgewell/trace-mapping@https://registry.npmjs.org/@jridgewell/trace-mapping/-/trace-mapping-0.3.31.tgz. Extracting by manifest.
482 silly tarball no local data for @jridgewell/gen-mapping@https://registry.npmjs.org/@jridgewell/gen-mapping/-/gen-mapping-0.3.13.tgz. Extracting by manifest.
483 silly tarball no local data for @babel/helper-validator-identifier@https://registry.npmjs.org/@babel/helper-validator-identifier/-/helper-validator-identifier-7.28.5.tgz. Extracting by manifest.
484 silly tarball no local data for json5@https://registry.npmjs.org/json5/-/json5-2.2.3.tgz. Extracting by manifest.
485 silly tarball no local data for gensync@https://registry.npmjs.org/gensync/-/gensync-1.0.0-beta.2.tgz. Extracting by manifest.
486 silly tarball no local data for convert-source-map@https://registry.npmjs.org/convert-source-map/-/convert-source-map-2.0.0.tgz. Extracting by manifest.
487 silly tarball no local data for @babel/types@https://registry.npmjs.org/@babel/types/-/types-7.28.5.tgz. Extracting by manifest.
488 silly tarball no local data for @jridgewell/remapping@https://registry.npmjs.org/@jridgewell/remapping/-/remapping-2.3.5.tgz. Extracting by manifest.
489 silly tarball no local data for @babel/template@https://registry.npmjs.org/@babel/template/-/template-7.27.2.tgz. Extracting by manifest.
490 silly tarball no local data for @babel/traverse@https://registry.npmjs.org/@babel/traverse/-/traverse-7.28.5.tgz. Extracting by manifest.
491 silly tarball no local data for @babel/parser@https://registry.npmjs.org/@babel/parser/-/parser-7.28.5.tgz. Extracting by manifest.
492 silly tarball no local data for @babel/helpers@https://registry.npmjs.org/@babel/helpers/-/helpers-7.28.4.tgz. Extracting by manifest.
493 silly tarball no local data for @babel/helper-module-transforms@https://registry.npmjs.org/@babel/helper-module-transforms/-/helper-module-transforms-7.28.3.tgz. Extracting by manifest.
494 silly tarball no local data for @babel/helper-compilation-targets@https://registry.npmjs.org/@babel/helper-compilation-targets/-/helper-compilation-targets-7.27.2.tgz. Extracting by manifest.
495 silly tarball no local data for @babel/generator@https://registry.npmjs.org/@babel/generator/-/generator-7.28.5.tgz. Extracting by manifest.
496 silly tarball no local data for @babel/code-frame@https://registry.npmjs.org/@babel/code-frame/-/code-frame-7.27.1.tgz. Extracting by manifest.
497 silly tarball no local data for @rolldown/pluginutils@https://registry.npmjs.org/@rolldown/pluginutils/-/pluginutils-1.0.0-beta.43.tgz. Extracting by manifest.
498 silly tarball no local data for react-refresh@https://registry.npmjs.org/react-refresh/-/react-refresh-0.18.0.tgz. Extracting by manifest.
499 silly tarball no local data for @babel/core@https://registry.npmjs.org/@babel/core/-/core-7.28.5.tgz. Extracting by manifest.
500 silly tarball no local data for @babel/plugin-transform-react-jsx-source@https://registry.npmjs.org/@babel/plugin-transform-react-jsx-source/-/plugin-transform-react-jsx-source-7.27.1.tgz. Extracting by manifest.
501 silly tarball no local data for @types/babel__core@https://registry.npmjs.org/@types/babel__core/-/babel__core-7.20.5.tgz. Extracting by manifest.
502 silly tarball no local data for @babel/plugin-transform-react-jsx-self@https://registry.npmjs.org/@babel/plugin-transform-react-jsx-self/-/plugin-transform-react-jsx-self-7.27.1.tgz. Extracting by manifest.
503 silly tarball no local data for @vitejs/plugin-react@https://registry.npmjs.org/@vitejs/plugin-react/-/plugin-react-5.1.0.tgz. Extracting by manifest.
504 silly tarball no local data for semver@https://registry.npmjs.org/semver/-/semver-6.3.1.tgz. Extracting by manifest.
505 silly tarball no local data for semver@https://registry.npmjs.org/semver/-/semver-6.3.1.tgz. Extracting by manifest.
506 http fetch GET 200 https://registry.npmjs.org/yallist/-/yallist-3.1.1.tgz 57ms (cache miss)
507 http fetch GET 200 https://registry.npmjs.org/update-browserslist-db/-/update-browserslist-db-1.1.4.tgz 57ms (cache miss)
508 http fetch GET 200 https://registry.npmjs.org/@babel/helper-globals/-/helper-globals-7.28.0.tgz 65ms (cache miss)
509 http fetch GET 200 https://registry.npmjs.org/node-releases/-/node-releases-2.0.27.tgz 67ms (cache miss)
510 http fetch GET 200 https://registry.npmjs.org/@types/babel__generator/-/babel__generator-7.27.0.tgz 66ms (cache miss)
511 http fetch GET 200 https://registry.npmjs.org/@babel/helper-plugin-utils/-/helper-plugin-utils-7.27.1.tgz 67ms (cache miss)
512 http fetch GET 200 https://registry.npmjs.org/baseline-browser-mapping/-/baseline-browser-mapping-2.8.21.tgz 79ms (cache miss)
513 http fetch POST 200 https://registry.npmjs.org/-/npm/v1/security/advisories/bulk 89ms
514 silly audit report {
514 silly audit report   esbuild: [
514 silly audit report     {
514 silly audit report       id: 1102341,
514 silly audit report       url: 'https://github.com/advisories/GHSA-67mh-4wv8-2f99',
514 silly audit report       title: 'esbuild enables any website to send any requests to the development server and read the response',
514 silly audit report       severity: 'moderate',
514 silly audit report       vulnerable_versions: '<=0.24.2',
514 silly audit report       cwe: [Array],
514 silly audit report       cvss: [Object]
514 silly audit report     }
514 silly audit report   ],
514 silly audit report   undici: [
514 silly audit report     {
514 silly audit report       id: 1101609,
514 silly audit report       url: 'https://github.com/advisories/GHSA-c76h-2ccp-4975',
514 silly audit report       title: 'Use of Insufficiently Random Values in undici',
514 silly audit report       severity: 'moderate',
514 silly audit report       vulnerable_versions: '>=6.0.0 <6.21.1',
514 silly audit report       cwe: [Array],
514 silly audit report       cvss: [Object]
514 silly audit report     },
514 silly audit report     {
514 silly audit report       id: 1104500,
514 silly audit report       url: 'https://github.com/advisories/GHSA-cxrh-j4jr-qwg3',
514 silly audit report       title: 'undici Denial of Service attack via bad certificate data',
514 silly audit report       severity: 'low',
514 silly audit report       vulnerable_versions: '>=6.0.0 <6.21.2',
514 silly audit report       cwe: [Array],
514 silly audit report       cvss: [Object]
514 silly audit report     }
514 silly audit report   ]
514 silly audit report }
515 silly packumentCache corgi:https://registry.npmjs.org/esbuild cache-miss
516 silly packumentCache corgi:https://registry.npmjs.org/undici cache-miss
517 http cache https://registry.npmjs.org/undici 7ms (cache hit)
518 silly packumentCache corgi:https://registry.npmjs.org/undici set size:395956 disposed:false
519 http cache https://registry.npmjs.org/esbuild 10ms (cache hit)
520 silly packumentCache corgi:https://registry.npmjs.org/esbuild set size:869842 disposed:false
521 silly packumentCache corgi:https://registry.npmjs.org/vite cache-miss
522 http fetch GET 200 https://registry.npmjs.org/lru-cache/-/lru-cache-5.1.1.tgz 94ms (cache miss)
523 http fetch GET 200 https://registry.npmjs.org/@jridgewell/resolve-uri/-/resolve-uri-3.1.2.tgz 96ms (cache miss)
524 http fetch GET 200 https://registry.npmjs.org/@jridgewell/sourcemap-codec/-/sourcemap-codec-1.5.5.tgz 96ms (cache miss)
525 http cache https://registry.npmjs.org/vite 5ms (cache hit)
526 silly packumentCache corgi:https://registry.npmjs.org/vite set size:2112523 disposed:false
527 silly packumentCache corgi:https://registry.npmjs.org/@firebase%2fauth-compat cache-miss
528 silly packumentCache corgi:https://registry.npmjs.org/@firebase%2fauth cache-miss
529 silly packumentCache corgi:https://registry.npmjs.org/@firebase%2ffirestore cache-miss
530 silly packumentCache corgi:https://registry.npmjs.org/@firebase%2ffunctions cache-miss
531 silly packumentCache corgi:https://registry.npmjs.org/@firebase%2fstorage cache-miss
532 http fetch GET 200 https://registry.npmjs.org/@babel/helper-string-parser/-/helper-string-parser-7.27.1.tgz 123ms (cache miss)
533 http fetch GET 200 https://registry.npmjs.org/@types/babel__traverse/-/babel__traverse-7.28.0.tgz 123ms (cache miss)
534 http cache https://registry.npmjs.org/@firebase%2fauth 24ms (cache hit)
535 silly packumentCache corgi:https://registry.npmjs.org/@firebase%2fauth set size:6197014 disposed:false
536 http cache https://registry.npmjs.org/@firebase%2ffunctions 59ms (cache hit)
537 silly packumentCache corgi:https://registry.npmjs.org/@firebase%2ffunctions set size:6730843 disposed:false
538 http cache https://registry.npmjs.org/@firebase%2fauth-compat 96ms (cache hit)
539 silly packumentCache corgi:https://registry.npmjs.org/@firebase%2fauth-compat set size:2308913 disposed:false
540 http cache https://registry.npmjs.org/@firebase%2ffirestore 109ms (cache hit)
541 silly packumentCache corgi:https://registry.npmjs.org/@firebase%2ffirestore set size:8837310 disposed:false
542 http cache https://registry.npmjs.org/@firebase%2fstorage 148ms (cache hit)
543 silly packumentCache corgi:https://registry.npmjs.org/@firebase%2fstorage set size:6396535 disposed:false
544 silly packumentCache corgi:https://registry.npmjs.org/@vitejs%2fplugin-react cache-miss
545 http fetch GET 200 https://registry.npmjs.org/@babel/compat-data/-/compat-data-7.28.5.tgz 298ms (cache miss)
546 http fetch GET 200 https://registry.npmjs.org/@types/babel__template/-/babel__template-7.4.4.tgz 300ms (cache miss)
547 http fetch GET 200 https://registry.npmjs.org/@babel/helper-module-imports/-/helper-module-imports-7.27.1.tgz 300ms (cache miss)
548 http fetch GET 200 https://registry.npmjs.org/browserslist/-/browserslist-4.27.0.tgz 299ms (cache miss)
549 http fetch GET 200 https://registry.npmjs.org/jsesc/-/jsesc-3.1.0.tgz 303ms (cache miss)
550 http fetch GET 200 https://registry.npmjs.org/gensync/-/gensync-1.0.0-beta.2.tgz 305ms (cache miss)
551 http fetch GET 200 https://registry.npmjs.org/@babel/helper-validator-option/-/helper-validator-option-7.27.1.tgz 306ms (cache miss)
552 http fetch GET 200 https://registry.npmjs.org/convert-source-map/-/convert-source-map-2.0.0.tgz 306ms (cache miss)
553 http fetch GET 200 https://registry.npmjs.org/@babel/helper-validator-identifier/-/helper-validator-identifier-7.28.5.tgz 307ms (cache miss)
554 http fetch GET 200 https://registry.npmjs.org/@babel/helper-compilation-targets/-/helper-compilation-targets-7.27.2.tgz 310ms (cache miss)
555 http fetch GET 200 https://registry.npmjs.org/electron-to-chromium/-/electron-to-chromium-1.5.243.tgz 314ms (cache miss)
556 http fetch GET 200 https://registry.npmjs.org/@babel/template/-/template-7.27.2.tgz 312ms (cache miss)
557 http fetch GET 200 https://registry.npmjs.org/@jridgewell/remapping/-/remapping-2.3.5.tgz 315ms (cache miss)
558 http fetch GET 200 https://registry.npmjs.org/@jridgewell/gen-mapping/-/gen-mapping-0.3.13.tgz 318ms (cache miss)
559 http fetch GET 200 https://registry.npmjs.org/json5/-/json5-2.2.3.tgz 319ms (cache miss)
560 http fetch GET 200 https://registry.npmjs.org/@babel/helper-module-transforms/-/helper-module-transforms-7.28.3.tgz 322ms (cache miss)
561 http fetch GET 200 https://registry.npmjs.org/@jridgewell/trace-mapping/-/trace-mapping-0.3.31.tgz 323ms (cache miss)
562 http fetch GET 200 https://registry.npmjs.org/@babel/generator/-/generator-7.28.5.tgz 329ms (cache miss)
563 http fetch GET 200 https://registry.npmjs.org/@babel/traverse/-/traverse-7.28.5.tgz 336ms (cache miss)
564 http fetch GET 200 https://registry.npmjs.org/@babel/parser/-/parser-7.28.5.tgz 336ms (cache miss)
565 http fetch GET 200 https://registry.npmjs.org/@babel/helpers/-/helpers-7.28.4.tgz 357ms (cache miss)
566 http fetch GET 200 https://registry.npmjs.org/@babel/types/-/types-7.28.5.tgz 365ms (cache miss)
567 http fetch GET 200 https://registry.npmjs.org/react-refresh/-/react-refresh-0.18.0.tgz 376ms (cache miss)
568 http fetch GET 200 https://registry.npmjs.org/@types/babel__core/-/babel__core-7.20.5.tgz 376ms (cache miss)
569 http fetch GET 200 https://registry.npmjs.org/semver/-/semver-6.3.1.tgz 375ms (cache miss)
570 http fetch GET 200 https://registry.npmjs.org/@babel/plugin-transform-react-jsx-self/-/plugin-transform-react-jsx-self-7.27.1.tgz 377ms (cache miss)
571 http fetch GET 200 https://registry.npmjs.org/caniuse-lite/-/caniuse-lite-1.0.30001751.tgz 388ms (cache miss)
572 http fetch GET 200 https://registry.npmjs.org/semver/-/semver-6.3.1.tgz 387ms (cache miss)
573 http fetch GET 200 https://registry.npmjs.org/@babel/plugin-transform-react-jsx-source/-/plugin-transform-react-jsx-source-7.27.1.tgz 388ms (cache miss)
574 http fetch GET 200 https://registry.npmjs.org/@babel/code-frame/-/code-frame-7.27.1.tgz 389ms (cache miss)
575 http fetch GET 200 https://registry.npmjs.org/@rolldown/pluginutils/-/pluginutils-1.0.0-beta.43.tgz 401ms (cache miss)
576 http fetch GET 200 https://registry.npmjs.org/@vitejs/plugin-react/-/plugin-react-5.1.0.tgz 438ms (cache miss)
577 http fetch GET 200 https://registry.npmjs.org/@babel/core/-/core-7.28.5.tgz 439ms (cache miss)
578 http fetch GET 200 https://registry.npmjs.org/@vitejs%2fplugin-react 208ms (cache miss)
579 silly packumentCache corgi:https://registry.npmjs.org/@vitejs%2fplugin-react set size:undefined disposed:false
580 silly packumentCache corgi:https://registry.npmjs.org/firebase cache-miss
581 http cache https://registry.npmjs.org/firebase 16ms (cache hit)
582 silly packumentCache corgi:https://registry.npmjs.org/firebase set size:9600376 disposed:false
583 silly packumentCache corgi:https://registry.npmjs.org/@firebase%2ffunctions-compat cache-miss
584 http cache https://registry.npmjs.org/@firebase%2ffunctions-compat 31ms (cache hit)
585 silly packumentCache corgi:https://registry.npmjs.org/@firebase%2ffunctions-compat set size:2129147 disposed:false
586 silly packumentCache corgi:https://registry.npmjs.org/@firebase%2ffirestore-compat cache-miss
587 http cache https://registry.npmjs.org/@firebase%2ffirestore-compat 32ms (cache hit)
588 silly packumentCache corgi:https://registry.npmjs.org/@firebase%2ffirestore-compat set size:2368512 disposed:false
589 silly packumentCache corgi:https://registry.npmjs.org/@firebase%2fstorage-compat cache-miss
590 http cache https://registry.npmjs.org/@firebase%2fstorage-compat 23ms (cache hit)
591 silly packumentCache corgi:https://registry.npmjs.org/@firebase%2fstorage-compat set size:2136733 disposed:false
592 silly ADD node_modules/yallist
593 silly ADD node_modules/update-browserslist-db
594 silly ADD node_modules/node-releases
595 silly ADD node_modules/electron-to-chromium
596 silly ADD node_modules/caniuse-lite
597 silly ADD node_modules/baseline-browser-mapping
598 silly ADD node_modules/@types/babel__traverse
599 silly ADD node_modules/@types/babel__template
600 silly ADD node_modules/@types/babel__generator
601 silly ADD node_modules/@jridgewell/resolve-uri
602 silly ADD node_modules/@jridgewell/sourcemap-codec
603 silly ADD node_modules/@babel/helper-string-parser
604 silly ADD node_modules/@babel/helper-globals
605 silly ADD node_modules/@babel/helper-plugin-utils
606 silly ADD node_modules/@babel/helper-module-imports
607 silly ADD node_modules/lru-cache
608 silly ADD node_modules/browserslist
609 silly ADD node_modules/@babel/helper-validator-option
610 silly ADD node_modules/@babel/compat-data
611 silly ADD node_modules/jsesc
612 silly ADD node_modules/@jridgewell/trace-mapping
613 silly ADD node_modules/@jridgewell/gen-mapping
614 silly ADD node_modules/@babel/helper-validator-identifier
615 silly ADD node_modules/json5
616 silly ADD node_modules/gensync
617 silly ADD node_modules/convert-source-map
618 silly ADD node_modules/@jridgewell/remapping
619 silly ADD node_modules/@babel/types
620 silly ADD node_modules/@babel/traverse
621 silly ADD node_modules/@babel/template
622 silly ADD node_modules/@babel/parser
623 silly ADD node_modules/@babel/helpers
624 silly ADD node_modules/@babel/helper-module-transforms
625 silly ADD node_modules/@babel/helper-compilation-targets
626 silly ADD node_modules/@babel/helper-compilation-targets/node_modules/semver
627 silly ADD node_modules/@babel/generator
628 silly ADD node_modules/@babel/code-frame
629 silly ADD node_modules/react-refresh
630 silly ADD node_modules/@types/babel__core
631 silly ADD node_modules/@rolldown/pluginutils
632 silly ADD node_modules/@babel/plugin-transform-react-jsx-source
633 silly ADD node_modules/@babel/plugin-transform-react-jsx-self
634 silly ADD node_modules/@babel/core
635 silly ADD node_modules/@babel/core/node_modules/semver
636 silly ADD node_modules/@vitejs/plugin-react
637 silly ADD
638 silly ADD
639 silly ADD
640 silly ADD
641 silly ADD
642 silly ADD
643 silly ADD
644 silly ADD
645 silly ADD
646 silly ADD
647 silly ADD
648 silly ADD
649 silly ADD
650 silly ADD
651 silly ADD
652 silly ADD
653 silly ADD
654 silly ADD
655 silly ADD
656 silly ADD
657 silly ADD
658 silly ADD
659 silly ADD
660 silly ADD
661 silly ADD
662 silly ADD
663 silly ADD
664 silly ADD
665 silly ADD
666 silly ADD
667 silly ADD
668 silly ADD
669 silly ADD
670 silly ADD
671 silly ADD
672 silly ADD
673 silly ADD
674 silly ADD
675 silly ADD
676 silly ADD
677 silly ADD
678 silly ADD
679 silly ADD
680 verbose cwd /Users/haoqi/Desktop/Haoqi/25Fall/lite-ai-detect/frontend
681 verbose os Darwin 23.1.0
682 verbose node v23.10.0
683 verbose npm  v10.9.2
684 verbose exit 0
685 info ok
